INFO: [Timing 38-91] UpdateTimingParams: Speed grade: -2, Delay Type: max.
INFO: [Timing 38-191] Multithreading enabled for timing update using a maximum of 8 CPUs
INFO: [Timing 38-35] Done setting XDC timing constraints.
INFO: [Timing 38-78] ReportTimingParams: -max_paths 1 -nworst 1 -delay_type max -sort_by slack.
Copyright 1986-2019 Xilinx, Inc. All Rights Reserved.
--------------------------------------------------------------------------------------
| Tool Version : Vivado v.2019.1.1 (lin64) Build 2580384 Sat Jun 29 08:04:45 MDT 2019
| Date         : Sat Aug  3 13:45:43 2024
| Host         : ee-tik-eda2 running 64-bit CentOS Linux release 7.9.2009 (Core)
| Command      : report_timing
| Design       : video_filter
| Device       : 7k160t-fbg484
| Speed File   : -2  PRODUCTION 1.12 2017-02-17
--------------------------------------------------------------------------------------

Timing Report

Slack (VIOLATED) :        -0.675ns  (required time - arrival time)
  Source:                 oehb13/data_reg_reg[6]_inv/C
                            (rising edge-triggered cell FDPE clocked by clk  {rise@0.000ns fall@2.000ns period=4.000ns})
  Destination:            oehb3/data_reg_reg[0]/CE
                            (rising edge-triggered cell FDCE clocked by clk  {rise@0.000ns fall@2.000ns period=4.000ns})
  Path Group:             clk
  Path Type:              Setup (Max at Slow Process Corner)
  Requirement:            4.000ns  (clk rise@4.000ns - clk rise@0.000ns)
  Data Path Delay:        4.368ns  (logic 0.779ns (17.834%)  route 3.589ns (82.166%))
  Logic Levels:           8  (CARRY4=1 LUT5=1 LUT6=6)
  Clock Path Skew:        -0.027ns (DCD - SCD + CPR)
    Destination Clock Delay (DCD):    0.510ns = ( 4.510 - 4.000 ) 
    Source Clock Delay      (SCD):    0.537ns
    Clock Pessimism Removal (CPR):    0.000ns
  Clock Uncertainty:      0.035ns  ((TSJ^2 + TIJ^2)^1/2 + DJ) / 2 + PE
    Total System Jitter     (TSJ):    0.071ns
    Total Input Jitter      (TIJ):    0.000ns
    Discrete Jitter          (DJ):    0.000ns
    Phase Error              (PE):    0.000ns

    Location             Delay type                Incr(ns)  Path(ns)    Netlist Resource(s)
  -------------------------------------------------------------------    -------------------
                         (clock clk rise edge)        0.000     0.000 r  
                                                      0.000     0.000 r  clk (IN)
                         net (fo=1444, unset)         0.537     0.537    oehb13/clk
                         FDPE                                         r  oehb13/data_reg_reg[6]_inv/C
  -------------------------------------------------------------------    -------------------
                         FDPE (Prop_fdpe_C_Q)         0.175     0.712 r  oehb13/data_reg_reg[6]_inv/Q
                         net (fo=1, unplaced)         0.668     1.380    cmpi3/S[2]
                         CARRY4 (Prop_carry4_S[3]_CO[3])
                                                      0.303     1.683 f  cmpi3/validArray_reg[0]_i_4/CO[3]
                         net (fo=17, unplaced)        0.684     2.367    start_0/startBuff/oehb1/dataOutArray[0][0]
                         LUT6 (Prop_lut6_I2_O)        0.043     2.410 r  start_0/startBuff/oehb1/data_reg[5]_i_4__1/O
                         net (fo=24, unplaced)        0.334     2.744    control_merge5/oehb1/data_reg_reg[0]_3
                         LUT6 (Prop_lut6_I2_O)        0.043     2.787 f  control_merge5/oehb1/data_reg[5]_i_5/O
                         net (fo=31, unplaced)        0.340     3.127    control_merge5/fork_C1/generateBlocks[1].regblock/data_reg_reg[0]
                         LUT6 (Prop_lut6_I3_O)        0.043     3.170 r  control_merge5/fork_C1/generateBlocks[1].regblock/reg_value_i_3__7/O
                         net (fo=2, unplaced)         0.281     3.451    oehb3/reg_value_i_2__8_0
                         LUT6 (Prop_lut6_I1_O)        0.043     3.494 f  oehb3/reg_value_i_4__1/O
                         net (fo=1, unplaced)         0.359     3.853    oehb3/reg_value_i_4__1_n_0
                         LUT6 (Prop_lut6_I0_O)        0.043     3.896 f  oehb3/reg_value_i_2__8/O
                         net (fo=8, unplaced)         0.308     4.204    fork3/generateBlocks[6].regblock/forkStop
                         LUT5 (Prop_lut5_I2_O)        0.043     4.247 f  fork3/generateBlocks[6].regblock/reg_value_i_2/O
                         net (fo=9, unplaced)         0.311     4.558    fork3/generateBlocks[4].regblock/validArray_reg[0]_1
                         LUT6 (Prop_lut6_I2_O)        0.043     4.601 r  fork3/generateBlocks[4].regblock/data_reg[5]_i_1__15/O
                         net (fo=6, unplaced)         0.304     4.905    oehb3/data_reg_reg[5]_2[0]
                         FDCE                                         r  oehb3/data_reg_reg[0]/CE
  -------------------------------------------------------------------    -------------------

                         (clock clk rise edge)        4.000     4.000 r  
                                                      0.000     4.000 r  clk (IN)
                         net (fo=1444, unset)         0.510     4.510    oehb3/clk
                         FDCE                                         r  oehb3/data_reg_reg[0]/C
                         clock pessimism              0.000     4.510    
                         clock uncertainty           -0.035     4.475    
                         FDCE (Setup_fdce_C_CE)      -0.245     4.230    oehb3/data_reg_reg[0]
  -------------------------------------------------------------------
                         required time                          4.230    
                         arrival time                          -4.905    
  -------------------------------------------------------------------
                         slack                                 -0.675    




report_timing: Time (s): cpu = 00:00:07 ; elapsed = 00:00:06 . Memory (MB): peak = 2532.621 ; gain = 340.082 ; free physical = 187919 ; free virtual = 249376
