INFO: [Timing 38-91] UpdateTimingParams: Speed grade: -2, Delay Type: max.
INFO: [Timing 38-191] Multithreading enabled for timing update using a maximum of 8 CPUs
INFO: [Timing 38-35] Done setting XDC timing constraints.
INFO: [Timing 38-78] ReportTimingParams: -max_paths 1 -nworst 1 -delay_type max -sort_by slack.
Copyright 1986-2019 Xilinx, Inc. All Rights Reserved.
--------------------------------------------------------------------------------------
| Tool Version : Vivado v.2019.1.1 (lin64) Build 2580384 Sat Jun 29 08:04:45 MDT 2019
| Date         : Sat Aug  3 11:58:28 2024
| Host         : ee-tik-eda2 running 64-bit CentOS Linux release 7.9.2009 (Core)
| Command      : report_timing
| Design       : fir
| Device       : 7k160t-fbg484
| Speed File   : -2  PRODUCTION 1.12 2017-02-17
--------------------------------------------------------------------------------------

Timing Report

Slack (MET) :             0.580ns  (required time - arrival time)
  Source:                 oehb3/data_reg_reg[6]/C
                            (rising edge-triggered cell FDCE clocked by clk  {rise@0.000ns fall@2.000ns period=4.000ns})
  Destination:            oehb3/data_reg_reg[0]/CE
                            (rising edge-triggered cell FDCE clocked by clk  {rise@0.000ns fall@2.000ns period=4.000ns})
  Path Group:             clk
  Path Type:              Setup (Max at Slow Process Corner)
  Requirement:            4.000ns  (clk rise@4.000ns - clk rise@0.000ns)
  Data Path Delay:        3.113ns  (logic 0.513ns (16.479%)  route 2.600ns (83.521%))
  Logic Levels:           6  (LUT3=1 LUT5=1 LUT6=4)
  Clock Path Skew:        -0.027ns (DCD - SCD + CPR)
    Destination Clock Delay (DCD):    0.510ns = ( 4.510 - 4.000 ) 
    Source Clock Delay      (SCD):    0.537ns
    Clock Pessimism Removal (CPR):    0.000ns
  Clock Uncertainty:      0.035ns  ((TSJ^2 + TIJ^2)^1/2 + DJ) / 2 + PE
    Total System Jitter     (TSJ):    0.071ns
    Total Input Jitter      (TIJ):    0.000ns
    Discrete Jitter          (DJ):    0.000ns
    Phase Error              (PE):    0.000ns

    Location             Delay type                Incr(ns)  Path(ns)    Netlist Resource(s)
  -------------------------------------------------------------------    -------------------
                         (clock clk rise edge)        0.000     0.000 r  
                                                      0.000     0.000 r  clk (IN)
                         net (fo=565, unset)          0.537     0.537    oehb3/clk
                         FDCE                                         r  oehb3/data_reg_reg[6]/C
  -------------------------------------------------------------------    -------------------
                         FDCE (Prop_fdce_C_Q)         0.175     0.712 r  oehb3/data_reg_reg[6]/Q
                         net (fo=3, unplaced)         0.545     1.257    oehb3/Q[6]
                         LUT6 (Prop_lut6_I0_O)        0.123     1.380 f  oehb3/full_reg_i_7__0/O
                         net (fo=6, unplaced)         0.302     1.682    oehb3/data_reg_reg[6]_0
                         LUT6 (Prop_lut6_I0_O)        0.043     1.725 f  oehb3/full_reg_i_2__4/O
                         net (fo=11, unplaced)        0.453     2.178    control_merge2/oehb1/cmpi1_dataOutArray_0
                         LUT6 (Prop_lut6_I0_O)        0.043     2.221 r  control_merge2/oehb1/reg_value_i_4__1/O
                         net (fo=3, unplaced)         0.260     2.481    fork4/generateBlocks[0].regblock/branchReady
                         LUT5 (Prop_lut5_I1_O)        0.043     2.524 f  fork4/generateBlocks[0].regblock/full_reg_i_6/O
                         net (fo=1, unplaced)         0.407     2.931    fork4/generateBlocks[1].regblock/reg_value_reg_4
                         LUT6 (Prop_lut6_I3_O)        0.043     2.974 r  fork4/generateBlocks[1].regblock/full_reg_i_4/O
                         net (fo=10, unplaced)        0.313     3.287    fork2/generateBlocks[0].regblock/validArray_reg[0]
                         LUT3 (Prop_lut3_I2_O)        0.043     3.330 r  fork2/generateBlocks[0].regblock/data_reg[11]_i_1/O
                         net (fo=12, unplaced)        0.320     3.650    oehb3/E[0]
                         FDCE                                         r  oehb3/data_reg_reg[0]/CE
  -------------------------------------------------------------------    -------------------

                         (clock clk rise edge)        4.000     4.000 r  
                                                      0.000     4.000 r  clk (IN)
                         net (fo=565, unset)          0.510     4.510    oehb3/clk
                         FDCE                                         r  oehb3/data_reg_reg[0]/C
                         clock pessimism              0.000     4.510    
                         clock uncertainty           -0.035     4.475    
                         FDCE (Setup_fdce_C_CE)      -0.245     4.230    oehb3/data_reg_reg[0]
  -------------------------------------------------------------------
                         required time                          4.230    
                         arrival time                          -3.650    
  -------------------------------------------------------------------
                         slack                                  0.580    




report_timing: Time (s): cpu = 00:00:05 ; elapsed = 00:00:05 . Memory (MB): peak = 2463.375 ; gain = 260.082 ; free physical = 188043 ; free virtual = 249461
