INFO: [Timing 38-91] UpdateTimingParams: Speed grade: -2, Delay Type: max.
INFO: [Timing 38-191] Multithreading enabled for timing update using a maximum of 8 CPUs
INFO: [Timing 38-35] Done setting XDC timing constraints.
INFO: [Timing 38-78] ReportTimingParams: -max_paths 1 -nworst 1 -delay_type max -sort_by slack.
Copyright 1986-2019 Xilinx, Inc. All Rights Reserved.
--------------------------------------------------------------------------------------
| Tool Version : Vivado v.2019.1.1 (lin64) Build 2580384 Sat Jun 29 08:04:45 MDT 2019
| Date         : Thu Aug  1 13:58:03 2024
| Host         : ee-tik-eda2 running 64-bit CentOS Linux release 7.9.2009 (Core)
| Command      : report_timing
| Design       : video_filter
| Device       : 7k160t-fbg484
| Speed File   : -2  PRODUCTION 1.12 2017-02-17
--------------------------------------------------------------------------------------

Timing Report

Slack (MET) :             0.257ns  (required time - arrival time)
  Source:                 tehb12/gen_OEHB[0].OEHB_inst/data_reg_reg[6]_inv/C
                            (rising edge-triggered cell FDPE clocked by clk  {rise@0.000ns fall@2.000ns period=4.000ns})
  Destination:            mem_controller0/counter_reg[29]/D
                            (rising edge-triggered cell FDCE clocked by clk  {rise@0.000ns fall@2.000ns period=4.000ns})
  Path Group:             clk
  Path Type:              Setup (Max at Slow Process Corner)
  Requirement:            4.000ns  (clk rise@4.000ns - clk rise@0.000ns)
  Data Path Delay:        3.540ns  (logic 1.314ns (37.119%)  route 2.226ns (62.881%))
  Logic Levels:           11  (CARRY4=9 LUT5=1 LUT6=1)
  Clock Path Skew:        -0.027ns (DCD - SCD + CPR)
    Destination Clock Delay (DCD):    0.510ns = ( 4.510 - 4.000 ) 
    Source Clock Delay      (SCD):    0.537ns
    Clock Pessimism Removal (CPR):    0.000ns
  Clock Uncertainty:      0.035ns  ((TSJ^2 + TIJ^2)^1/2 + DJ) / 2 + PE
    Total System Jitter     (TSJ):    0.071ns
    Total Input Jitter      (TIJ):    0.000ns
    Discrete Jitter          (DJ):    0.000ns
    Phase Error              (PE):    0.000ns

    Location             Delay type                Incr(ns)  Path(ns)    Netlist Resource(s)
  -------------------------------------------------------------------    -------------------
                         (clock clk rise edge)        0.000     0.000 r  
                                                      0.000     0.000 r  clk (IN)
                         net (fo=1366, unset)         0.537     0.537    tehb12/gen_OEHB[0].OEHB_inst/clk
                         FDPE                                         r  tehb12/gen_OEHB[0].OEHB_inst/data_reg_reg[6]_inv/C
  -------------------------------------------------------------------    -------------------
                         FDPE (Prop_fdpe_C_Q)         0.175     0.712 r  tehb12/gen_OEHB[0].OEHB_inst/data_reg_reg[6]_inv/Q
                         net (fo=1, unplaced)         0.668     1.380    cmpi2/S[3]
                         CARRY4 (Prop_carry4_S[3]_CO[3])
                                                      0.303     1.683 r  cmpi2/dataOutArray[0]0_carry/CO[3]
                         net (fo=20, unplaced)        0.434     2.117    control_merge5/oehb1/O187[0]
                         LUT5 (Prop_lut5_I1_O)        0.043     2.160 f  control_merge5/oehb1/end_valid_INST_0_i_4/O
                         net (fo=8, unplaced)         0.308     2.468    control_merge5/fork_C1/generateBlocks[0].regblock/full_reg_reg
                         LUT6 (Prop_lut6_I2_O)        0.043     2.511 r  control_merge5/fork_C1/generateBlocks[0].regblock/minusOp__0_carry_i_1__1/O
                         net (fo=1, unplaced)         0.497     3.008    mem_controller0/counter1_reg[3]_0[0]
                         CARRY4 (Prop_carry4_DI[1]_CO[3])
                                                      0.253     3.261 r  mem_controller0/minusOp__0_carry/CO[3]
                         net (fo=1, unplaced)         0.007     3.268    mem_controller0/minusOp__0_carry_n_0
                         CARRY4 (Prop_carry4_CI_CO[3])
                                                      0.054     3.322 r  mem_controller0/minusOp__0_carry__0/CO[3]
                         net (fo=1, unplaced)         0.000     3.322    mem_controller0/minusOp__0_carry__0_n_0
                         CARRY4 (Prop_carry4_CI_CO[3])
                                                      0.054     3.376 r  mem_controller0/minusOp__0_carry__1/CO[3]
                         net (fo=1, unplaced)         0.000     3.376    mem_controller0/minusOp__0_carry__1_n_0
                         CARRY4 (Prop_carry4_CI_CO[3])
                                                      0.054     3.430 r  mem_controller0/minusOp__0_carry__2/CO[3]
                         net (fo=1, unplaced)         0.000     3.430    mem_controller0/minusOp__0_carry__2_n_0
                         CARRY4 (Prop_carry4_CI_CO[3])
                                                      0.054     3.484 r  mem_controller0/minusOp__0_carry__3/CO[3]
                         net (fo=1, unplaced)         0.000     3.484    mem_controller0/minusOp__0_carry__3_n_0
                         CARRY4 (Prop_carry4_CI_CO[3])
                                                      0.054     3.538 r  mem_controller0/minusOp__0_carry__4/CO[3]
                         net (fo=1, unplaced)         0.000     3.538    mem_controller0/minusOp__0_carry__4_n_0
                         CARRY4 (Prop_carry4_CI_CO[3])
                                                      0.054     3.592 r  mem_controller0/minusOp__0_carry__5/CO[3]
                         net (fo=1, unplaced)         0.000     3.592    mem_controller0/minusOp__0_carry__5_n_0
                         CARRY4 (Prop_carry4_CI_O[1])
                                                      0.173     3.765 r  mem_controller0/minusOp__0_carry__6/O[1]
                         net (fo=2, unplaced)         0.312     4.077    mem_controller0/counter[29]
                         FDCE                                         r  mem_controller0/counter_reg[29]/D
  -------------------------------------------------------------------    -------------------

                         (clock clk rise edge)        4.000     4.000 r  
                                                      0.000     4.000 r  clk (IN)
                         net (fo=1366, unset)         0.510     4.510    mem_controller0/clk
                         FDCE                                         r  mem_controller0/counter_reg[29]/C
                         clock pessimism              0.000     4.510    
                         clock uncertainty           -0.035     4.475    
                         FDCE (Setup_fdce_C_D)       -0.141     4.334    mem_controller0/counter_reg[29]
  -------------------------------------------------------------------
                         required time                          4.334    
                         arrival time                          -4.077    
  -------------------------------------------------------------------
                         slack                                  0.257    




report_timing: Time (s): cpu = 00:00:07 ; elapsed = 00:00:06 . Memory (MB): peak = 2545.207 ; gain = 263.887 ; free physical = 187753 ; free virtual = 249467
