INFO: [Timing 38-91] UpdateTimingParams: Speed grade: -2, Delay Type: max.
INFO: [Timing 38-191] Multithreading enabled for timing update using a maximum of 8 CPUs
INFO: [Timing 38-35] Done setting XDC timing constraints.
INFO: [Timing 38-78] ReportTimingParams: -max_paths 1 -nworst 1 -delay_type max -sort_by slack.
Copyright 1986-2019 Xilinx, Inc. All Rights Reserved.
--------------------------------------------------------------------------------------
| Tool Version : Vivado v.2019.1.1 (lin64) Build 2580384 Sat Jun 29 08:04:45 MDT 2019
| Date         : Sat Aug  3 05:28:51 2024
| Host         : ee-tik-eda2 running 64-bit CentOS Linux release 7.9.2009 (Core)
| Command      : report_timing
| Design       : if_loop_2
| Device       : 7k160t-fbg484
| Speed File   : -2  PRODUCTION 1.12 2017-02-17
--------------------------------------------------------------------------------------

Timing Report

Slack (MET) :             0.619ns  (required time - arrival time)
  Source:                 fork0/generateBlocks[0].regblock/reg_value_reg/C
                            (rising edge-triggered cell FDPE clocked by clk  {rise@0.000ns fall@3.000ns period=6.000ns})
  Destination:            mux0/tehb1/data_reg_reg[0]/CE
                            (rising edge-triggered cell FDCE clocked by clk  {rise@0.000ns fall@3.000ns period=6.000ns})
  Path Group:             clk
  Path Type:              Setup (Max at Slow Process Corner)
  Requirement:            6.000ns  (clk rise@6.000ns - clk rise@0.000ns)
  Data Path Delay:        5.074ns  (logic 1.014ns (19.984%)  route 4.060ns (80.016%))
  Logic Levels:           12  (CARRY4=4 LUT3=1 LUT4=2 LUT5=3 LUT6=2)
  Clock Path Skew:        -0.027ns (DCD - SCD + CPR)
    Destination Clock Delay (DCD):    0.510ns = ( 6.510 - 6.000 ) 
    Source Clock Delay      (SCD):    0.537ns
    Clock Pessimism Removal (CPR):    0.000ns
  Clock Uncertainty:      0.035ns  ((TSJ^2 + TIJ^2)^1/2 + DJ) / 2 + PE
    Total System Jitter     (TSJ):    0.071ns
    Total Input Jitter      (TIJ):    0.000ns
    Discrete Jitter          (DJ):    0.000ns
    Phase Error              (PE):    0.000ns

    Location             Delay type                Incr(ns)  Path(ns)    Netlist Resource(s)
  -------------------------------------------------------------------    -------------------
                         (clock clk rise edge)        0.000     0.000 r  
                                                      0.000     0.000 r  clk (IN)
                         net (fo=595, unset)          0.537     0.537    fork0/generateBlocks[0].regblock/clk
                         FDPE                                         r  fork0/generateBlocks[0].regblock/reg_value_reg/C
  -------------------------------------------------------------------    -------------------
                         FDPE (Prop_fdpe_C_Q)         0.175     0.712 r  fork0/generateBlocks[0].regblock/reg_value_reg/Q
                         net (fo=10, unplaced)        0.570     1.282    control_merge3/oehb1/reg_value_12
                         LUT6 (Prop_lut6_I0_O)        0.123     1.405 f  control_merge3/oehb1/validArray[0]_i_3__0/O
                         net (fo=14, unplaced)        0.321     1.726    control_merge3/oehb1/reg_value_reg
                         LUT4 (Prop_lut4_I2_O)        0.043     1.769 r  control_merge3/oehb1/data_reg[31]_i_4__0/O
                         net (fo=32, unplaced)        0.341     2.110    tehb0/data_reg_reg[0]_0
                         LUT5 (Prop_lut5_I1_O)        0.043     2.153 r  tehb0/data_reg[2]_i_1__0/O
                         net (fo=2, unplaced)         0.281     2.434    mux2/tehb1/data_reg_reg[31]_1[2]
                         LUT3 (Prop_lut3_I2_O)        0.043     2.477 r  mux2/tehb1/data_reg[2]_i_1/O
                         net (fo=3, unplaced)         0.288     2.765    mux2/tehb1/D[2]
                         LUT4 (Prop_lut4_I2_O)        0.043     2.808 r  mux2/tehb1/dataOutArray[0]0_carry_i_3/O
                         net (fo=1, unplaced)         0.497     3.305    cmpi1/DI[1]
                         CARRY4 (Prop_carry4_DI[1]_CO[3])
                                                      0.253     3.558 r  cmpi1/dataOutArray[0]0_carry/CO[3]
                         net (fo=1, unplaced)         0.007     3.565    cmpi1/dataOutArray[0]0_carry_n_0
                         CARRY4 (Prop_carry4_CI_CO[3])
                                                      0.054     3.619 r  cmpi1/dataOutArray[0]0_carry__0/CO[3]
                         net (fo=1, unplaced)         0.000     3.619    cmpi1/dataOutArray[0]0_carry__0_n_0
                         CARRY4 (Prop_carry4_CI_CO[3])
                                                      0.054     3.673 r  cmpi1/dataOutArray[0]0_carry__1/CO[3]
                         net (fo=1, unplaced)         0.000     3.673    cmpi1/dataOutArray[0]0_carry__1_n_0
                         CARRY4 (Prop_carry4_CI_CO[3])
                                                      0.054     3.727 r  cmpi1/dataOutArray[0]0_carry__2/CO[3]
                         net (fo=12, unplaced)        0.676     4.403    control_merge3/oehb1/O47[0]
                         LUT5 (Prop_lut5_I3_O)        0.043     4.446 f  control_merge3/oehb1/reg_value_i_2__5/O
                         net (fo=2, unplaced)         0.418     4.864    control_merge3/oehb1/reg_value_i_2__5_n_0
                         LUT5 (Prop_lut5_I0_O)        0.043     4.907 f  control_merge3/oehb1/full_reg_i_5/O
                         net (fo=12, unplaced)        0.318     5.225    control_merge3/oehb1/full_reg_i_5_n_0
                         LUT6 (Prop_lut6_I5_O)        0.043     5.268 r  control_merge3/oehb1/data_reg[31]_i_1__3/O
                         net (fo=32, unplaced)        0.343     5.611    mux0/tehb1/E[0]
                         FDCE                                         r  mux0/tehb1/data_reg_reg[0]/CE
  -------------------------------------------------------------------    -------------------

                         (clock clk rise edge)        6.000     6.000 r  
                                                      0.000     6.000 r  clk (IN)
                         net (fo=595, unset)          0.510     6.510    mux0/tehb1/clk
                         FDCE                                         r  mux0/tehb1/data_reg_reg[0]/C
                         clock pessimism              0.000     6.510    
                         clock uncertainty           -0.035     6.475    
                         FDCE (Setup_fdce_C_CE)      -0.245     6.230    mux0/tehb1/data_reg_reg[0]
  -------------------------------------------------------------------
                         required time                          6.230    
                         arrival time                          -5.611    
  -------------------------------------------------------------------
                         slack                                  0.619    




report_timing: Time (s): cpu = 00:00:05 ; elapsed = 00:00:05 . Memory (MB): peak = 2530.594 ; gain = 350.090 ; free physical = 188170 ; free virtual = 249690
