INFO: [Timing 38-91] UpdateTimingParams: Speed grade: -2, Delay Type: max.
INFO: [Timing 38-191] Multithreading enabled for timing update using a maximum of 8 CPUs
INFO: [Timing 38-35] Done setting XDC timing constraints.
INFO: [Timing 38-78] ReportTimingParams: -max_paths 1 -nworst 1 -delay_type max -sort_by slack.
Copyright 1986-2019 Xilinx, Inc. All Rights Reserved.
--------------------------------------------------------------------------------------
| Tool Version : Vivado v.2019.1.1 (lin64) Build 2580384 Sat Jun 29 08:04:45 MDT 2019
| Date         : Sat Aug  3 08:21:13 2024
| Host         : ee-tik-eda2 running 64-bit CentOS Linux release 7.9.2009 (Core)
| Command      : report_timing
| Design       : video_filter
| Device       : 7k160t-fbg484
| Speed File   : -2  PRODUCTION 1.12 2017-02-17
--------------------------------------------------------------------------------------

Timing Report

Slack (MET) :             0.849ns  (required time - arrival time)
  Source:                 oehb2/data_reg_reg[0]/C
                            (rising edge-triggered cell FDCE clocked by clk  {rise@0.000ns fall@3.000ns period=6.000ns})
  Destination:            tehb0/data_reg_reg[0]/CE
                            (rising edge-triggered cell FDCE clocked by clk  {rise@0.000ns fall@3.000ns period=6.000ns})
  Path Group:             clk
  Path Type:              Setup (Max at Slow Process Corner)
  Requirement:            6.000ns  (clk rise@6.000ns - clk rise@0.000ns)
  Data Path Delay:        4.844ns  (logic 0.966ns (19.942%)  route 3.878ns (80.058%))
  Logic Levels:           11  (CARRY4=1 LUT2=1 LUT3=1 LUT4=1 LUT5=2 LUT6=5)
  Clock Path Skew:        -0.027ns (DCD - SCD + CPR)
    Destination Clock Delay (DCD):    0.510ns = ( 6.510 - 6.000 ) 
    Source Clock Delay      (SCD):    0.537ns
    Clock Pessimism Removal (CPR):    0.000ns
  Clock Uncertainty:      0.035ns  ((TSJ^2 + TIJ^2)^1/2 + DJ) / 2 + PE
    Total System Jitter     (TSJ):    0.071ns
    Total Input Jitter      (TIJ):    0.000ns
    Discrete Jitter          (DJ):    0.000ns
    Phase Error              (PE):    0.000ns

    Location             Delay type                Incr(ns)  Path(ns)    Netlist Resource(s)
  -------------------------------------------------------------------    -------------------
                         (clock clk rise edge)        0.000     0.000 r  
                                                      0.000     0.000 r  clk (IN)
                         net (fo=1577, unset)         0.537     0.537    oehb2/clk
                         FDCE                                         r  oehb2/data_reg_reg[0]/C
  -------------------------------------------------------------------    -------------------
                         FDCE (Prop_fdce_C_Q)         0.175     0.712 r  oehb2/data_reg_reg[0]/Q
                         net (fo=13, unplaced)        0.466     1.178    oehb2/Q[0]
                         LUT4 (Prop_lut4_I1_O)        0.131     1.309 f  oehb2/data_reg[3]_i_3/O
                         net (fo=1, unplaced)         0.270     1.579    tehb0/data_reg_reg[3]_1
                         LUT6 (Prop_lut6_I5_O)        0.043     1.622 f  tehb0/data_reg[3]_i_2__1/O
                         net (fo=4, unplaced)         0.294     1.916    tehb0/addi14_dataOutArray_0[2]
                         LUT2 (Prop_lut2_I1_O)        0.051     1.967 r  tehb0/Memory[0][0]_i_3/O
                         net (fo=1, unplaced)         0.000     1.967    cmpi2/DI[0]
                         CARRY4 (Prop_carry4_DI[1]_CO[3])
                                                      0.265     2.232 f  cmpi2/Memory_reg[0][0]_i_1/CO[3]
                         net (fo=14, unplaced)        0.679     2.911    tehb0/dataOutArray[0][0]
                         LUT5 (Prop_lut5_I0_O)        0.043     2.954 f  tehb0/Memory[0][0]_i_2/O
                         net (fo=6, unplaced)         0.302     3.256    control_merge5/fork_C1/generateBlocks[1].regblock/data_reg_reg[5]_2
                         LUT6 (Prop_lut6_I3_O)        0.043     3.299 f  control_merge5/fork_C1/generateBlocks[1].regblock/full_reg_i_3__5/O
                         net (fo=10, unplaced)        0.313     3.612    tehb0/reg_value_i_7__0_0
                         LUT5 (Prop_lut5_I4_O)        0.043     3.655 f  tehb0/reg_value_i_12/O
                         net (fo=1, unplaced)         0.270     3.925    tehb0/reg_value_i_12_n_0
                         LUT6 (Prop_lut6_I4_O)        0.043     3.968 r  tehb0/reg_value_i_7__0/O
                         net (fo=2, unplaced)         0.418     4.386    fork12/generateBlocks[1].regblock/reg_value_i_4
                         LUT6 (Prop_lut6_I1_O)        0.043     4.429 f  fork12/generateBlocks[1].regblock/reg_value_i_9__0/O
                         net (fo=2, unplaced)         0.281     4.710    fork3/generateBlocks[4].regblock/addi14_nReadyArray_0
                         LUT6 (Prop_lut6_I3_O)        0.043     4.753 r  fork3/generateBlocks[4].regblock/full_reg_i_2__5/O
                         net (fo=2, unplaced)         0.281     5.034    oehb2/forkStop
                         LUT3 (Prop_lut3_I1_O)        0.043     5.077 r  oehb2/data_reg[5]_i_1__8/O
                         net (fo=6, unplaced)         0.304     5.381    tehb0/E[0]
                         FDCE                                         r  tehb0/data_reg_reg[0]/CE
  -------------------------------------------------------------------    -------------------

                         (clock clk rise edge)        6.000     6.000 r  
                                                      0.000     6.000 r  clk (IN)
                         net (fo=1577, unset)         0.510     6.510    tehb0/clk
                         FDCE                                         r  tehb0/data_reg_reg[0]/C
                         clock pessimism              0.000     6.510    
                         clock uncertainty           -0.035     6.475    
                         FDCE (Setup_fdce_C_CE)      -0.245     6.230    tehb0/data_reg_reg[0]
  -------------------------------------------------------------------
                         required time                          6.230    
                         arrival time                          -5.381    
  -------------------------------------------------------------------
                         slack                                  0.849    




report_timing: Time (s): cpu = 00:00:07 ; elapsed = 00:00:06 . Memory (MB): peak = 2530.387 ; gain = 339.082 ; free physical = 188014 ; free virtual = 249436
