INFO: [Timing 38-91] UpdateTimingParams: Speed grade: -2, Delay Type: max.
INFO: [Timing 38-191] Multithreading enabled for timing update using a maximum of 8 CPUs
INFO: [Timing 38-35] Done setting XDC timing constraints.
INFO: [Timing 38-78] ReportTimingParams: -max_paths 1 -nworst 1 -delay_type max -sort_by slack.
Copyright 1986-2019 Xilinx, Inc. All Rights Reserved.
--------------------------------------------------------------------------------------
| Tool Version : Vivado v.2019.1.1 (lin64) Build 2580384 Sat Jun 29 08:04:45 MDT 2019
| Date         : Sat Aug  3 12:23:12 2024
| Host         : ee-tik-eda2 running 64-bit CentOS Linux release 7.9.2009 (Core)
| Command      : report_timing
| Design       : if_loop_1
| Device       : 7k160t-fbg484
| Speed File   : -2  PRODUCTION 1.12 2017-02-17
--------------------------------------------------------------------------------------

Timing Report

Slack (VIOLATED) :        -0.691ns  (required time - arrival time)
  Source:                 fork4/generateBlocks[2].regblock/reg_value_reg/C
                            (rising edge-triggered cell FDPE clocked by clk  {rise@0.000ns fall@2.000ns period=4.000ns})
  Destination:            mux0/tehb1/data_reg_reg[0]/CE
                            (rising edge-triggered cell FDCE clocked by clk  {rise@0.000ns fall@2.000ns period=4.000ns})
  Path Group:             clk
  Path Type:              Setup (Max at Slow Process Corner)
  Requirement:            4.000ns  (clk rise@4.000ns - clk rise@0.000ns)
  Data Path Delay:        4.384ns  (logic 1.019ns (23.244%)  route 3.365ns (76.756%))
  Logic Levels:           11  (CARRY4=4 LUT4=2 LUT5=2 LUT6=3)
  Clock Path Skew:        -0.027ns (DCD - SCD + CPR)
    Destination Clock Delay (DCD):    0.510ns = ( 4.510 - 4.000 ) 
    Source Clock Delay      (SCD):    0.537ns
    Clock Pessimism Removal (CPR):    0.000ns
  Clock Uncertainty:      0.035ns  ((TSJ^2 + TIJ^2)^1/2 + DJ) / 2 + PE
    Total System Jitter     (TSJ):    0.071ns
    Total Input Jitter      (TIJ):    0.000ns
    Discrete Jitter          (DJ):    0.000ns
    Phase Error              (PE):    0.000ns

    Location             Delay type                Incr(ns)  Path(ns)    Netlist Resource(s)
  -------------------------------------------------------------------    -------------------
                         (clock clk rise edge)        0.000     0.000 r  
                                                      0.000     0.000 r  clk (IN)
                         net (fo=749, unset)          0.537     0.537    fork4/generateBlocks[2].regblock/clk
                         FDPE                                         r  fork4/generateBlocks[2].regblock/reg_value_reg/C
  -------------------------------------------------------------------    -------------------
                         FDPE (Prop_fdpe_C_Q)         0.175     0.712 r  fork4/generateBlocks[2].regblock/reg_value_reg/Q
                         net (fo=1, unplaced)         0.527     1.239    control_merge3/fork_C1/generateBlocks[1].regblock/reg_value_25
                         LUT6 (Prop_lut6_I0_O)        0.123     1.362 r  control_merge3/fork_C1/generateBlocks[1].regblock/reg_value_i_2__2/O
                         net (fo=10, unplaced)        0.285     1.647    control_merge3/fork_C1/generateBlocks[1].regblock/reg_value_reg_2
                         LUT5 (Prop_lut5_I0_O)        0.043     1.690 r  control_merge3/fork_C1/generateBlocks[1].regblock/reg_value_i_3__0/O
                         net (fo=68, unplaced)        0.360     2.050    mux0/tehb1/data_reg_reg[31]_0
                         LUT4 (Prop_lut4_I3_O)        0.043     2.093 f  mux0/tehb1/data_reg[0]_i_1__1/O
                         net (fo=3, unplaced)         0.425     2.518    mux2/tehb1/dataOutArray[0]0_carry__2[0]
                         LUT4 (Prop_lut4_I1_O)        0.051     2.569 r  mux2/tehb1/dataOutArray[0]0_carry_i_4/O
                         net (fo=1, unplaced)         0.000     2.569    cmpi1/DI[0]
                         CARRY4 (Prop_carry4_DI[0]_CO[3])
                                                      0.293     2.862 r  cmpi1/dataOutArray[0]0_carry/CO[3]
                         net (fo=1, unplaced)         0.007     2.869    cmpi1/dataOutArray[0]0_carry_n_0
                         CARRY4 (Prop_carry4_CI_CO[3])
                                                      0.054     2.923 r  cmpi1/dataOutArray[0]0_carry__0/CO[3]
                         net (fo=1, unplaced)         0.000     2.923    cmpi1/dataOutArray[0]0_carry__0_n_0
                         CARRY4 (Prop_carry4_CI_CO[3])
                                                      0.054     2.977 r  cmpi1/dataOutArray[0]0_carry__1/CO[3]
                         net (fo=1, unplaced)         0.000     2.977    cmpi1/dataOutArray[0]0_carry__1_n_0
                         CARRY4 (Prop_carry4_CI_CO[3])
                                                      0.054     3.031 r  cmpi1/dataOutArray[0]0_carry__2/CO[3]
                         net (fo=17, unplaced)        0.684     3.715    fork5/generateBlocks[2].regblock/dataInArray[0]1_out[0]
                         LUT5 (Prop_lut5_I4_O)        0.043     3.758 r  fork5/generateBlocks[2].regblock/full_reg_i_7/O
                         net (fo=2, unplaced)         0.418     4.176    fork5/generateBlocks[2].regblock/reg_value_reg_1
                         LUT6 (Prop_lut6_I0_O)        0.043     4.219 r  fork5/generateBlocks[2].regblock/full_reg_i_3__0/O
                         net (fo=11, unplaced)        0.316     4.535    control_merge3/fork_C1/generateBlocks[1].regblock/reg_value_reg_17
                         LUT6 (Prop_lut6_I2_O)        0.043     4.578 r  control_merge3/fork_C1/generateBlocks[1].regblock/data_reg[31]_i_1__3/O
                         net (fo=32, unplaced)        0.343     4.921    mux0/tehb1/E[0]
                         FDCE                                         r  mux0/tehb1/data_reg_reg[0]/CE
  -------------------------------------------------------------------    -------------------

                         (clock clk rise edge)        4.000     4.000 r  
                                                      0.000     4.000 r  clk (IN)
                         net (fo=749, unset)          0.510     4.510    mux0/tehb1/clk
                         FDCE                                         r  mux0/tehb1/data_reg_reg[0]/C
                         clock pessimism              0.000     4.510    
                         clock uncertainty           -0.035     4.475    
                         FDCE (Setup_fdce_C_CE)      -0.245     4.230    mux0/tehb1/data_reg_reg[0]
  -------------------------------------------------------------------
                         required time                          4.230    
                         arrival time                          -4.921    
  -------------------------------------------------------------------
                         slack                                 -0.691    




report_timing: Time (s): cpu = 00:00:05 ; elapsed = 00:00:05 . Memory (MB): peak = 2529.660 ; gain = 356.090 ; free physical = 187907 ; free virtual = 249328
