INFO: [Timing 38-91] UpdateTimingParams: Speed grade: -2, Delay Type: max.
INFO: [Timing 38-191] Multithreading enabled for timing update using a maximum of 8 CPUs
INFO: [Timing 38-35] Done setting XDC timing constraints.
INFO: [Timing 38-78] ReportTimingParams: -max_paths 1 -nworst 1 -delay_type max -sort_by slack.
Copyright 1986-2019 Xilinx, Inc. All Rights Reserved.
--------------------------------------------------------------------------------------
| Tool Version : Vivado v.2019.1.1 (lin64) Build 2580384 Sat Jun 29 08:04:45 MDT 2019
| Date         : Tue Jul 23 14:04:02 2024
| Host         : ee-tik-eda2 running 64-bit CentOS Linux release 7.9.2009 (Core)
| Command      : report_timing
| Design       : fir
| Device       : 7k160t-fbg484
| Speed File   : -2  PRODUCTION 1.12 2017-02-17
--------------------------------------------------------------------------------------

Timing Report

Slack (MET) :             1.002ns  (required time - arrival time)
  Source:                 oehb2/fifo/Head_reg[0]/C
                            (rising edge-triggered cell FDRE clocked by clk  {rise@0.000ns fall@2.000ns period=4.000ns})
  Destination:            mc_load0/Buffer_2/data_reg_reg[0]/CE
                            (rising edge-triggered cell FDCE clocked by clk  {rise@0.000ns fall@2.000ns period=4.000ns})
  Path Group:             clk
  Path Type:              Setup (Max at Slow Process Corner)
  Requirement:            4.000ns  (clk rise@4.000ns - clk rise@0.000ns)
  Data Path Delay:        2.691ns  (logic 0.470ns (17.466%)  route 2.221ns (82.534%))
  Logic Levels:           5  (LUT3=1 LUT5=1 LUT6=2 RAMD32=1)
  Clock Path Skew:        -0.027ns (DCD - SCD + CPR)
    Destination Clock Delay (DCD):    0.510ns = ( 4.510 - 4.000 ) 
    Source Clock Delay      (SCD):    0.537ns
    Clock Pessimism Removal (CPR):    0.000ns
  Clock Uncertainty:      0.035ns  ((TSJ^2 + TIJ^2)^1/2 + DJ) / 2 + PE
    Total System Jitter     (TSJ):    0.071ns
    Total Input Jitter      (TIJ):    0.000ns
    Discrete Jitter          (DJ):    0.000ns
    Phase Error              (PE):    0.000ns

    Location             Delay type                Incr(ns)  Path(ns)    Netlist Resource(s)
  -------------------------------------------------------------------    -------------------
                         (clock clk rise edge)        0.000     0.000 r  
                                                      0.000     0.000 r  clk (IN)
                         net (fo=538, unset)          0.537     0.537    oehb2/fifo/clk
                         FDRE                                         r  oehb2/fifo/Head_reg[0]/C
  -------------------------------------------------------------------    -------------------
                         FDRE (Prop_fdre_C_Q)         0.175     0.712 r  oehb2/fifo/Head_reg[0]/Q
                         net (fo=4, unplaced)         0.551     1.263    oehb2/fifo/Memory_reg_0_1_0_0/DPRA0
                         RAMD32 (Prop_ramd32_RADR0_O)
                                                      0.123     1.386 r  oehb2/fifo/Memory_reg_0_1_0_0/DP/O
                         net (fo=3, unplaced)         0.288     1.674    oehb2/tehb/fifo_dataOut
                         LUT3 (Prop_lut3_I2_O)        0.043     1.717 r  oehb2/tehb/reg_value_i_2__3/O
                         net (fo=5, unplaced)         0.387     2.104    oehb2/tehb/reg_value_i_2__3_n_0
                         LUT6 (Prop_lut6_I1_O)        0.043     2.147 f  oehb2/tehb/full_reg_i_2__2/O
                         net (fo=5, unplaced)         0.298     2.445    oehb3/fifo/branchReady
                         LUT6 (Prop_lut6_I0_O)        0.043     2.488 f  oehb3/fifo/q0_reg_i_1/O
                         net (fo=54, unplaced)        0.354     2.842    mc_load0/Buffer_2/oehb_ready
                         LUT5 (Prop_lut5_I2_O)        0.043     2.885 r  mc_load0/Buffer_2/data_reg[31]_i_1__0/O
                         net (fo=32, unplaced)        0.343     3.228    mc_load0/Buffer_2/reg_en
                         FDCE                                         r  mc_load0/Buffer_2/data_reg_reg[0]/CE
  -------------------------------------------------------------------    -------------------

                         (clock clk rise edge)        4.000     4.000 r  
                                                      0.000     4.000 r  clk (IN)
                         net (fo=538, unset)          0.510     4.510    mc_load0/Buffer_2/clk
                         FDCE                                         r  mc_load0/Buffer_2/data_reg_reg[0]/C
                         clock pessimism              0.000     4.510    
                         clock uncertainty           -0.035     4.475    
                         FDCE (Setup_fdce_C_CE)      -0.245     4.230    mc_load0/Buffer_2/data_reg_reg[0]
  -------------------------------------------------------------------
                         required time                          4.230    
                         arrival time                          -3.228    
  -------------------------------------------------------------------
                         slack                                  1.002    




report_timing: Time (s): cpu = 00:00:05 ; elapsed = 00:00:05 . Memory (MB): peak = 2458.605 ; gain = 267.090 ; free physical = 204433 ; free virtual = 248641
