INFO: [Timing 38-91] UpdateTimingParams: Speed grade: -2, Delay Type: max.
INFO: [Timing 38-191] Multithreading enabled for timing update using a maximum of 8 CPUs
INFO: [Timing 38-35] Done setting XDC timing constraints.
INFO: [Timing 38-78] ReportTimingParams: -max_paths 1 -nworst 1 -delay_type max -sort_by slack.
Copyright 1986-2019 Xilinx, Inc. All Rights Reserved.
--------------------------------------------------------------------------------------
| Tool Version : Vivado v.2019.1.1 (lin64) Build 2580384 Sat Jun 29 08:04:45 MDT 2019
| Date         : Wed Jul 24 12:28:23 2024
| Host         : ee-tik-eda2 running 64-bit CentOS Linux release 7.9.2009 (Core)
| Command      : report_timing
| Design       : matvec
| Device       : 7k160t-fbg484
| Speed File   : -2  PRODUCTION 1.12 2017-02-17
--------------------------------------------------------------------------------------

Timing Report

Slack (MET) :             0.026ns  (required time - arrival time)
  Source:                 oehb4/data_reg_reg[8]_inv/C
                            (rising edge-triggered cell FDPE clocked by clk  {rise@0.000ns fall@2.000ns period=4.000ns})
  Destination:            oehb4/data_reg_reg[0]/CE
                            (rising edge-triggered cell FDCE clocked by clk  {rise@0.000ns fall@2.000ns period=4.000ns})
  Path Group:             clk
  Path Type:              Setup (Max at Slow Process Corner)
  Requirement:            4.000ns  (clk rise@4.000ns - clk rise@0.000ns)
  Data Path Delay:        3.667ns  (logic 0.693ns (18.898%)  route 2.974ns (81.102%))
  Logic Levels:           6  (CARRY4=1 LUT3=1 LUT5=1 LUT6=3)
  Clock Path Skew:        -0.027ns (DCD - SCD + CPR)
    Destination Clock Delay (DCD):    0.510ns = ( 4.510 - 4.000 ) 
    Source Clock Delay      (SCD):    0.537ns
    Clock Pessimism Removal (CPR):    0.000ns
  Clock Uncertainty:      0.035ns  ((TSJ^2 + TIJ^2)^1/2 + DJ) / 2 + PE
    Total System Jitter     (TSJ):    0.071ns
    Total Input Jitter      (TIJ):    0.000ns
    Discrete Jitter          (DJ):    0.000ns
    Phase Error              (PE):    0.000ns

    Location             Delay type                Incr(ns)  Path(ns)    Netlist Resource(s)
  -------------------------------------------------------------------    -------------------
                         (clock clk rise edge)        0.000     0.000 r  
                                                      0.000     0.000 r  clk (IN)
                         net (fo=610, unset)          0.537     0.537    oehb4/clk
                         FDPE                                         r  oehb4/data_reg_reg[8]_inv/C
  -------------------------------------------------------------------    -------------------
                         FDPE (Prop_fdpe_C_Q)         0.175     0.712 r  oehb4/data_reg_reg[8]_inv/Q
                         net (fo=1, unplaced)         0.668     1.380    cmpi2/S[3]
                         CARRY4 (Prop_carry4_S[3]_CO[3])
                                                      0.303     1.683 f  cmpi2/dataOutArray[0]0_carry/CO[3]
                         net (fo=17, unplaced)        0.684     2.367    fork7/generateBlocks[1].regblock/O94[0]
                         LUT6 (Prop_lut6_I5_O)        0.043     2.410 f  fork7/generateBlocks[1].regblock/full_reg_i_3__2/O
                         net (fo=5, unplaced)         0.435     2.845    control_merge5/oehb1/full_reg_reg_3
                         LUT5 (Prop_lut5_I0_O)        0.043     2.888 f  control_merge5/oehb1/reg_value_i_2__4/O
                         net (fo=2, unplaced)         0.281     3.169    fork7/generateBlocks[0].regblock/reg_value_reg_3
                         LUT6 (Prop_lut6_I1_O)        0.043     3.212 f  fork7/generateBlocks[0].regblock/reg_value_i_2__2/O
                         net (fo=3, unplaced)         0.288     3.500    fork8/generateBlocks[1].regblock/reg_value_reg_2
                         LUT6 (Prop_lut6_I5_O)        0.043     3.543 r  fork8/generateBlocks[1].regblock/validArray[0]_i_2/O
                         net (fo=7, unplaced)         0.305     3.848    fork8/generateBlocks[1].regblock/validArray_reg[0]
                         LUT3 (Prop_lut3_I0_O)        0.043     3.891 r  fork8/generateBlocks[1].regblock/data_reg[7]_i_1__1/O
                         net (fo=9, unplaced)         0.313     4.204    oehb4/E[0]
                         FDCE                                         r  oehb4/data_reg_reg[0]/CE
  -------------------------------------------------------------------    -------------------

                         (clock clk rise edge)        4.000     4.000 r  
                                                      0.000     4.000 r  clk (IN)
                         net (fo=610, unset)          0.510     4.510    oehb4/clk
                         FDCE                                         r  oehb4/data_reg_reg[0]/C
                         clock pessimism              0.000     4.510    
                         clock uncertainty           -0.035     4.475    
                         FDCE (Setup_fdce_C_CE)      -0.245     4.230    oehb4/data_reg_reg[0]
  -------------------------------------------------------------------
                         required time                          4.230    
                         arrival time                          -4.204    
  -------------------------------------------------------------------
                         slack                                  0.026    




report_timing: Time (s): cpu = 00:00:05 ; elapsed = 00:00:06 . Memory (MB): peak = 2476.711 ; gain = 249.082 ; free physical = 196935 ; free virtual = 244252
