INFO: [Timing 38-91] UpdateTimingParams: Speed grade: -2, Delay Type: max.
INFO: [Timing 38-191] Multithreading enabled for timing update using a maximum of 8 CPUs
INFO: [Timing 38-35] Done setting XDC timing constraints.
INFO: [Timing 38-78] ReportTimingParams: -max_paths 1 -nworst 1 -delay_type max -sort_by slack.
Copyright 1986-2019 Xilinx, Inc. All Rights Reserved.
--------------------------------------------------------------------------------------
| Tool Version : Vivado v.2019.1.1 (lin64) Build 2580384 Sat Jun 29 08:04:45 MDT 2019
| Date         : Sat Aug  3 12:44:15 2024
| Host         : ee-tik-eda2 running 64-bit CentOS Linux release 7.9.2009 (Core)
| Command      : report_timing
| Design       : matvec
| Device       : 7k160t-fbg484
| Speed File   : -2  PRODUCTION 1.12 2017-02-17
--------------------------------------------------------------------------------------

Timing Report

Slack (VIOLATED) :        -0.522ns  (required time - arrival time)
  Source:                 oehb10/data_reg_reg[8]_inv/C
                            (rising edge-triggered cell FDPE clocked by clk  {rise@0.000ns fall@2.000ns period=4.000ns})
  Destination:            mux5/tehb1/data_reg_reg[0]/CE
                            (rising edge-triggered cell FDCE clocked by clk  {rise@0.000ns fall@2.000ns period=4.000ns})
  Path Group:             clk
  Path Type:              Setup (Max at Slow Process Corner)
  Requirement:            4.000ns  (clk rise@4.000ns - clk rise@0.000ns)
  Data Path Delay:        4.215ns  (logic 0.736ns (17.461%)  route 3.479ns (82.539%))
  Logic Levels:           7  (CARRY4=1 LUT5=1 LUT6=5)
  Clock Path Skew:        -0.027ns (DCD - SCD + CPR)
    Destination Clock Delay (DCD):    0.510ns = ( 4.510 - 4.000 ) 
    Source Clock Delay      (SCD):    0.537ns
    Clock Pessimism Removal (CPR):    0.000ns
  Clock Uncertainty:      0.035ns  ((TSJ^2 + TIJ^2)^1/2 + DJ) / 2 + PE
    Total System Jitter     (TSJ):    0.071ns
    Total Input Jitter      (TIJ):    0.000ns
    Discrete Jitter          (DJ):    0.000ns
    Phase Error              (PE):    0.000ns

    Location             Delay type                Incr(ns)  Path(ns)    Netlist Resource(s)
  -------------------------------------------------------------------    -------------------
                         (clock clk rise edge)        0.000     0.000 r  
                                                      0.000     0.000 r  clk (IN)
                         net (fo=746, unset)          0.537     0.537    oehb10/clk
                         FDPE                                         r  oehb10/data_reg_reg[8]_inv/C
  -------------------------------------------------------------------    -------------------
                         FDPE (Prop_fdpe_C_Q)         0.175     0.712 r  oehb10/data_reg_reg[8]_inv/Q
                         net (fo=1, unplaced)         0.668     1.380    cmpi3/S[3]
                         CARRY4 (Prop_carry4_S[3]_CO[3])
                                                      0.303     1.683 r  cmpi3/dataOutArray[0]0_carry/CO[3]
                         net (fo=17, unplaced)        0.684     2.367    fork12/generateBlocks[1].regblock/O148[0]
                         LUT5 (Prop_lut5_I4_O)        0.043     2.410 r  fork12/generateBlocks[1].regblock/full_reg_i_4__0/O
                         net (fo=4, unplaced)         0.431     2.841    fork12/generateBlocks[0].regblock/full_reg_i_10_1
                         LUT6 (Prop_lut6_I2_O)        0.043     2.884 f  fork12/generateBlocks[0].regblock/full_reg_i_14/O
                         net (fo=1, unplaced)         0.407     3.291    fork12/generateBlocks[0].regblock/full_reg_i_14_n_0
                         LUT6 (Prop_lut6_I2_O)        0.043     3.334 r  fork12/generateBlocks[0].regblock/full_reg_i_10/O
                         net (fo=1, unplaced)         0.270     3.604    fork4/generateBlocks[0].regblock/full_reg_i_5_0
                         LUT6 (Prop_lut6_I2_O)        0.043     3.647 f  fork4/generateBlocks[0].regblock/full_reg_i_6/O
                         net (fo=1, unplaced)         0.407     4.054    fork8/generateBlocks[1].regblock/full_reg_reg
                         LUT6 (Prop_lut6_I1_O)        0.043     4.097 r  fork8/generateBlocks[1].regblock/full_reg_i_5/O
                         net (fo=6, unplaced)         0.302     4.399    fork3/generateBlocks[2].regblock/full_reg_reg_1
                         LUT6 (Prop_lut6_I5_O)        0.043     4.442 r  fork3/generateBlocks[2].regblock/data_reg[7]_i_1__1/O
                         net (fo=8, unplaced)         0.310     4.752    mux5/tehb1/E[0]
                         FDCE                                         r  mux5/tehb1/data_reg_reg[0]/CE
  -------------------------------------------------------------------    -------------------

                         (clock clk rise edge)        4.000     4.000 r  
                                                      0.000     4.000 r  clk (IN)
                         net (fo=746, unset)          0.510     4.510    mux5/tehb1/clk
                         FDCE                                         r  mux5/tehb1/data_reg_reg[0]/C
                         clock pessimism              0.000     4.510    
                         clock uncertainty           -0.035     4.475    
                         FDCE (Setup_fdce_C_CE)      -0.245     4.230    mux5/tehb1/data_reg_reg[0]
  -------------------------------------------------------------------
                         required time                          4.230    
                         arrival time                          -4.752    
  -------------------------------------------------------------------
                         slack                                 -0.522    




report_timing: Time (s): cpu = 00:00:05 ; elapsed = 00:00:05 . Memory (MB): peak = 2484.094 ; gain = 180.887 ; free physical = 187908 ; free virtual = 249343
