INFO: [Timing 38-91] UpdateTimingParams: Speed grade: -2, Delay Type: max.
INFO: [Timing 38-191] Multithreading enabled for timing update using a maximum of 8 CPUs
INFO: [Timing 38-78] ReportTimingParams: -max_paths 1 -nworst 1 -delay_type max -sort_by slack.
Copyright 1986-2019 Xilinx, Inc. All Rights Reserved.
--------------------------------------------------------------------------------------
| Tool Version : Vivado v.2019.1.1 (lin64) Build 2580384 Sat Jun 29 08:04:45 MDT 2019
| Date         : Sat Aug  3 06:18:34 2024
| Host         : ee-tik-eda2 running 64-bit CentOS Linux release 7.9.2009 (Core)
| Command      : report_timing
| Design       : image_resize
| Device       : 7k160t-fbg484
| Speed File   : -2  PRODUCTION 1.12 2017-02-17
--------------------------------------------------------------------------------------

Timing Report

Slack (MET) :             0.793ns  (required time - arrival time)
  Source:                 oehb0/data_reg_reg[1]/C
                            (rising edge-triggered cell FDCE clocked by clk  {rise@0.000ns fall@3.000ns period=6.000ns})
  Destination:            mux3/tehb1/data_reg_reg[0]/D
                            (rising edge-triggered cell FDCE clocked by clk  {rise@0.000ns fall@3.000ns period=6.000ns})
  Path Group:             clk
  Path Type:              Setup (Max at Slow Process Corner)
  Requirement:            6.000ns  (clk rise@6.000ns - clk rise@0.000ns)
  Data Path Delay:        4.786ns  (logic 0.849ns (17.739%)  route 3.937ns (82.261%))
  Logic Levels:           10  (CARRY4=1 LUT5=5 LUT6=4)
  Clock Path Skew:        -0.293ns (DCD - SCD + CPR)
    Destination Clock Delay (DCD):    1.150ns = ( 7.150 - 6.000 ) 
    Source Clock Delay      (SCD):    1.456ns
    Clock Pessimism Removal (CPR):    0.013ns
  Clock Uncertainty:      0.035ns  ((TSJ^2 + TIJ^2)^1/2 + DJ) / 2 + PE
    Total System Jitter     (TSJ):    0.071ns
    Total Input Jitter      (TIJ):    0.000ns
    Discrete Jitter          (DJ):    0.000ns
    Phase Error              (PE):    0.000ns

    Location             Delay type                Incr(ns)  Path(ns)    Netlist Resource(s)
  -------------------------------------------------------------------    -------------------
                         (clock clk rise edge)        0.000     0.000 r  
                                                      0.000     0.000 r  clk (IN)
                         net (fo=756, unset)          1.456     1.456    oehb0/clk
    SLICE_X20Y99         FDCE                                         r  oehb0/data_reg_reg[1]/C
  -------------------------------------------------------------------    -------------------
    SLICE_X20Y99         FDCE (Prop_fdce_C_Q)         0.259     1.715 f  oehb0/data_reg_reg[1]/Q
                         net (fo=7, routed)           0.485     2.200    tehb0/Q[1]
    SLICE_X18Y99         LUT5 (Prop_lut5_I2_O)        0.043     2.243 r  tehb0/dataOutArray[0]0_carry_i_9/O
                         net (fo=4, routed)           0.281     2.523    tehb0/dataOutArray[0]0_carry_i_9_n_0
    SLICE_X18Y98         LUT6 (Prop_lut6_I0_O)        0.043     2.566 r  tehb0/dataOutArray[0]0_carry_i_10/O
                         net (fo=2, routed)           0.255     2.821    tehb0/dataOutArray[0]0_carry_i_10_n_0
    SLICE_X18Y98         LUT6 (Prop_lut6_I2_O)        0.043     2.864 f  tehb0/data_reg[5]_i_5/O
                         net (fo=4, routed)           0.351     3.215    tehb0/addi6_dataOutArray_0[2]
    SLICE_X19Y98         LUT5 (Prop_lut5_I0_O)        0.043     3.258 r  tehb0/dataOutArray[0]0_carry_i_5__0/O
                         net (fo=1, routed)           0.000     3.258    cmpi2/S[2]
    SLICE_X19Y98         CARRY4 (Prop_carry4_S[2]_CO[3])
                                                      0.195     3.453 r  cmpi2/dataOutArray[0]0_carry/CO[3]
                         net (fo=16, routed)          0.557     4.009    tehb0/CO[0]
    SLICE_X19Y104        LUT5 (Prop_lut5_I0_O)        0.043     4.052 r  tehb0/data_reg[0]_i_2__2/O
                         net (fo=8, routed)           0.250     4.303    control_merge5/oehb1/data_reg_reg[0]_6
    SLICE_X19Y104        LUT5 (Prop_lut5_I2_O)        0.043     4.346 f  control_merge5/oehb1/full_reg_i_3__3/O
                         net (fo=20, routed)          0.464     4.809    control_merge5/oehb1/data_reg_reg[0]_3
    SLICE_X16Y108        LUT6 (Prop_lut6_I2_O)        0.043     4.852 r  control_merge5/oehb1/data_reg[31]_i_7/O
                         net (fo=32, routed)          0.599     5.451    control_merge5/oehb1/data_reg[31]_i_7_n_0
    SLICE_X11Y111        LUT6 (Prop_lut6_I0_O)        0.043     5.494 r  control_merge5/oehb1/data_reg[0]_i_2__0/O
                         net (fo=2, routed)           0.376     5.870    control_merge5/oehb1/data_reg_reg[0]_0
    SLICE_X10Y111        LUT5 (Prop_lut5_I0_O)        0.051     5.921 r  control_merge5/oehb1/data_reg[0]_i_1__0/O
                         net (fo=1, routed)           0.321     6.242    mux3/tehb1/data_reg_reg[31]_2[0]
    SLICE_X12Y111        FDCE                                         r  mux3/tehb1/data_reg_reg[0]/D
  -------------------------------------------------------------------    -------------------

                         (clock clk rise edge)        6.000     6.000 r  
                                                      0.000     6.000 r  clk (IN)
                         net (fo=756, unset)          1.150     7.150    mux3/tehb1/clk
    SLICE_X12Y111        FDCE                                         r  mux3/tehb1/data_reg_reg[0]/C
                         clock pessimism              0.013     7.163    
                         clock uncertainty           -0.035     7.128    
    SLICE_X12Y111        FDCE (Setup_fdce_C_D)       -0.093     7.035    mux3/tehb1/data_reg_reg[0]
  -------------------------------------------------------------------
                         required time                          7.035    
                         arrival time                          -6.242    
  -------------------------------------------------------------------
                         slack                                  0.793    




