INFO: [Timing 38-91] UpdateTimingParams: Speed grade: -2, Delay Type: max.
INFO: [Timing 38-191] Multithreading enabled for timing update using a maximum of 8 CPUs
INFO: [Timing 38-35] Done setting XDC timing constraints.
INFO: [Timing 38-78] ReportTimingParams: -max_paths 1 -nworst 1 -delay_type max -sort_by slack.
Copyright 1986-2019 Xilinx, Inc. All Rights Reserved.
--------------------------------------------------------------------------------------
| Tool Version : Vivado v.2019.1.1 (lin64) Build 2580384 Sat Jun 29 08:04:45 MDT 2019
| Date         : Sat Aug  3 12:16:28 2024
| Host         : ee-tik-eda2 running 64-bit CentOS Linux release 7.9.2009 (Core)
| Command      : report_timing
| Design       : if_loop_1
| Device       : 7k160t-fbg484
| Speed File   : -2  PRODUCTION 1.12 2017-02-17
--------------------------------------------------------------------------------------

Timing Report

Slack (MET) :             0.604ns  (required time - arrival time)
  Source:                 oehb0/data_reg_reg[1]/C
                            (rising edge-triggered cell FDCE clocked by clk  {rise@0.000ns fall@2.000ns period=4.000ns})
  Destination:            mux0/tehb1/data_reg_reg[0]/CE
                            (rising edge-triggered cell FDCE clocked by clk  {rise@0.000ns fall@2.000ns period=4.000ns})
  Path Group:             clk
  Path Type:              Setup (Max at Slow Process Corner)
  Requirement:            4.000ns  (clk rise@4.000ns - clk rise@0.000ns)
  Data Path Delay:        3.089ns  (logic 0.890ns (28.812%)  route 2.199ns (71.188%))
  Logic Levels:           8  (CARRY4=4 LUT4=1 LUT5=1 LUT6=2)
  Clock Path Skew:        -0.027ns (DCD - SCD + CPR)
    Destination Clock Delay (DCD):    0.510ns = ( 4.510 - 4.000 ) 
    Source Clock Delay      (SCD):    0.537ns
    Clock Pessimism Removal (CPR):    0.000ns
  Clock Uncertainty:      0.035ns  ((TSJ^2 + TIJ^2)^1/2 + DJ) / 2 + PE
    Total System Jitter     (TSJ):    0.071ns
    Total Input Jitter      (TIJ):    0.000ns
    Discrete Jitter          (DJ):    0.000ns
    Phase Error              (PE):    0.000ns

    Location             Delay type                Incr(ns)  Path(ns)    Netlist Resource(s)
  -------------------------------------------------------------------    -------------------
                         (clock clk rise edge)        0.000     0.000 r  
                                                      0.000     0.000 r  clk (IN)
                         net (fo=733, unset)          0.537     0.537    oehb0/clk
                         FDCE                                         r  oehb0/data_reg_reg[1]/C
  -------------------------------------------------------------------    -------------------
                         FDCE (Prop_fdce_C_Q)         0.175     0.712 f  oehb0/data_reg_reg[1]/Q
                         net (fo=5, unplaced)         0.444     1.156    oehb2/D[1]
                         LUT4 (Prop_lut4_I1_O)        0.131     1.287 r  oehb2/dataOutArray[0]0_carry_i_4/O
                         net (fo=1, unplaced)         0.000     1.287    cmpi1/DI[0]
                         CARRY4 (Prop_carry4_DI[0]_CO[3])
                                                      0.293     1.580 r  cmpi1/dataOutArray[0]0_carry/CO[3]
                         net (fo=1, unplaced)         0.007     1.587    cmpi1/dataOutArray[0]0_carry_n_0
                         CARRY4 (Prop_carry4_CI_CO[3])
                                                      0.054     1.641 r  cmpi1/dataOutArray[0]0_carry__0/CO[3]
                         net (fo=1, unplaced)         0.000     1.641    cmpi1/dataOutArray[0]0_carry__0_n_0
                         CARRY4 (Prop_carry4_CI_CO[3])
                                                      0.054     1.695 r  cmpi1/dataOutArray[0]0_carry__1/CO[3]
                         net (fo=1, unplaced)         0.000     1.695    cmpi1/dataOutArray[0]0_carry__1_n_0
                         CARRY4 (Prop_carry4_CI_CO[3])
                                                      0.054     1.749 r  cmpi1/dataOutArray[0]0_carry__2/CO[3]
                         net (fo=11, unplaced)        0.674     2.423    fork2/generateBlocks[0].regblock/condition[0][0]
                         LUT5 (Prop_lut5_I3_O)        0.043     2.466 r  fork2/generateBlocks[0].regblock/full_reg_i_6/O
                         net (fo=1, unplaced)         0.407     2.873    fork2/generateBlocks[0].regblock/full_reg_i_6_n_0
                         LUT6 (Prop_lut6_I0_O)        0.043     2.916 r  fork2/generateBlocks[0].regblock/full_reg_i_5/O
                         net (fo=16, unplaced)        0.324     3.240    fork2/generateBlocks[1].regblock/reg_value_reg_2
                         LUT6 (Prop_lut6_I5_O)        0.043     3.283 r  fork2/generateBlocks[1].regblock/data_reg[31]_i_1__9/O
                         net (fo=32, unplaced)        0.343     3.626    mux0/tehb1/E[0]
                         FDCE                                         r  mux0/tehb1/data_reg_reg[0]/CE
  -------------------------------------------------------------------    -------------------

                         (clock clk rise edge)        4.000     4.000 r  
                                                      0.000     4.000 r  clk (IN)
                         net (fo=733, unset)          0.510     4.510    mux0/tehb1/clk
                         FDCE                                         r  mux0/tehb1/data_reg_reg[0]/C
                         clock pessimism              0.000     4.510    
                         clock uncertainty           -0.035     4.475    
                         FDCE (Setup_fdce_C_CE)      -0.245     4.230    mux0/tehb1/data_reg_reg[0]
  -------------------------------------------------------------------
                         required time                          4.230    
                         arrival time                          -3.626    
  -------------------------------------------------------------------
                         slack                                  0.604    




report_timing: Time (s): cpu = 00:00:05 ; elapsed = 00:00:05 . Memory (MB): peak = 2529.621 ; gain = 361.090 ; free physical = 187947 ; free virtual = 249367
