INFO: [Timing 38-91] UpdateTimingParams: Speed grade: -2, Delay Type: max.
INFO: [Timing 38-191] Multithreading enabled for timing update using a maximum of 8 CPUs
INFO: [Timing 38-35] Done setting XDC timing constraints.
INFO: [Timing 38-78] ReportTimingParams: -max_paths 1 -nworst 1 -delay_type max -sort_by slack.
Copyright 1986-2019 Xilinx, Inc. All Rights Reserved.
--------------------------------------------------------------------------------------
| Tool Version : Vivado v.2019.1.1 (lin64) Build 2580384 Sat Jun 29 08:04:45 MDT 2019
| Date         : Sat Aug  3 13:38:34 2024
| Host         : ee-tik-eda2 running 64-bit CentOS Linux release 7.9.2009 (Core)
| Command      : report_timing
| Design       : matvec
| Device       : 7k160t-fbg484
| Speed File   : -2  PRODUCTION 1.12 2017-02-17
--------------------------------------------------------------------------------------

Timing Report

Slack (MET) :             0.003ns  (required time - arrival time)
  Source:                 oehb4/data_reg_reg[8]_inv/C
                            (rising edge-triggered cell FDPE clocked by clk  {rise@0.000ns fall@2.000ns period=4.000ns})
  Destination:            oehb4/data_reg_reg[0]/CE
                            (rising edge-triggered cell FDCE clocked by clk  {rise@0.000ns fall@2.000ns period=4.000ns})
  Path Group:             clk
  Path Type:              Setup (Max at Slow Process Corner)
  Requirement:            4.000ns  (clk rise@4.000ns - clk rise@0.000ns)
  Data Path Delay:        3.690ns  (logic 0.693ns (18.780%)  route 2.997ns (81.220%))
  Logic Levels:           6  (CARRY4=1 LUT3=1 LUT6=4)
  Clock Path Skew:        -0.027ns (DCD - SCD + CPR)
    Destination Clock Delay (DCD):    0.510ns = ( 4.510 - 4.000 ) 
    Source Clock Delay      (SCD):    0.537ns
    Clock Pessimism Removal (CPR):    0.000ns
  Clock Uncertainty:      0.035ns  ((TSJ^2 + TIJ^2)^1/2 + DJ) / 2 + PE
    Total System Jitter     (TSJ):    0.071ns
    Total Input Jitter      (TIJ):    0.000ns
    Discrete Jitter          (DJ):    0.000ns
    Phase Error              (PE):    0.000ns

    Location             Delay type                Incr(ns)  Path(ns)    Netlist Resource(s)
  -------------------------------------------------------------------    -------------------
                         (clock clk rise edge)        0.000     0.000 r  
                                                      0.000     0.000 r  clk (IN)
                         net (fo=656, unset)          0.537     0.537    oehb4/clk
                         FDPE                                         r  oehb4/data_reg_reg[8]_inv/C
  -------------------------------------------------------------------    -------------------
                         FDPE (Prop_fdpe_C_Q)         0.175     0.712 r  oehb4/data_reg_reg[8]_inv/Q
                         net (fo=1, unplaced)         0.668     1.380    cmpi2/S[3]
                         CARRY4 (Prop_carry4_S[3]_CO[3])
                                                      0.303     1.683 r  cmpi2/dataOutArray[0]0_carry/CO[3]
                         net (fo=17, unplaced)        0.684     2.367    control_merge5/oehb1/O96[0]
                         LUT6 (Prop_lut6_I5_O)        0.043     2.410 f  control_merge5/oehb1/Memory[0][0]_i_1/O
                         net (fo=14, unplaced)        0.321     2.731    control_merge5/oehb1/data_reg_reg[0]_0
                         LUT6 (Prop_lut6_I2_O)        0.043     2.774 f  control_merge5/oehb1/reg_value_i_5__0/O
                         net (fo=2, unplaced)         0.281     3.055    fork8/generateBlocks[1].regblock/reg_value_reg_9
                         LUT6 (Prop_lut6_I3_O)        0.043     3.098 f  fork8/generateBlocks[1].regblock/reg_value_i_2__1/O
                         net (fo=3, unplaced)         0.425     3.523    fork8/generateBlocks[1].regblock/reg_value_i_2__1_n_0
                         LUT6 (Prop_lut6_I1_O)        0.043     3.566 r  fork8/generateBlocks[1].regblock/validArray[0]_i_2/O
                         net (fo=7, unplaced)         0.305     3.871    fork8/generateBlocks[1].regblock/validArray_reg[0]
                         LUT3 (Prop_lut3_I0_O)        0.043     3.914 r  fork8/generateBlocks[1].regblock/data_reg[7]_i_1/O
                         net (fo=9, unplaced)         0.313     4.227    oehb4/data_reg_reg[7]_1[0]
                         FDCE                                         r  oehb4/data_reg_reg[0]/CE
  -------------------------------------------------------------------    -------------------

                         (clock clk rise edge)        4.000     4.000 r  
                                                      0.000     4.000 r  clk (IN)
                         net (fo=656, unset)          0.510     4.510    oehb4/clk
                         FDCE                                         r  oehb4/data_reg_reg[0]/C
                         clock pessimism              0.000     4.510    
                         clock uncertainty           -0.035     4.475    
                         FDCE (Setup_fdce_C_CE)      -0.245     4.230    oehb4/data_reg_reg[0]
  -------------------------------------------------------------------
                         required time                          4.230    
                         arrival time                          -4.227    
  -------------------------------------------------------------------
                         slack                                  0.003    




report_timing: Time (s): cpu = 00:00:05 ; elapsed = 00:00:06 . Memory (MB): peak = 2477.156 ; gain = 255.082 ; free physical = 187864 ; free virtual = 249308
