INFO: [Timing 38-91] UpdateTimingParams: Speed grade: -2, Delay Type: max.
INFO: [Timing 38-191] Multithreading enabled for timing update using a maximum of 8 CPUs
INFO: [Timing 38-35] Done setting XDC timing constraints.
INFO: [Timing 38-78] ReportTimingParams: -max_paths 1 -nworst 1 -delay_type max -sort_by slack.
Copyright 1986-2019 Xilinx, Inc. All Rights Reserved.
--------------------------------------------------------------------------------------
| Tool Version : Vivado v.2019.1.1 (lin64) Build 2580384 Sat Jun 29 08:04:45 MDT 2019
| Date         : Sat Jul 20 07:18:02 2024
| Host         : ee-tik-eda2 running 64-bit CentOS Linux release 7.9.2009 (Core)
| Command      : report_timing
| Design       : matrix
| Device       : 7k160t-fbg484
| Speed File   : -2  PRODUCTION 1.12 2017-02-17
--------------------------------------------------------------------------------------

Timing Report

Slack (MET) :             0.767ns  (required time - arrival time)
  Source:                 tehb6/data_reg_reg[0]/C
                            (rising edge-triggered cell FDCE clocked by clk  {rise@0.000ns fall@3.000ns period=6.000ns})
  Destination:            tehb6/data_reg_reg[0]/CE
                            (rising edge-triggered cell FDCE clocked by clk  {rise@0.000ns fall@3.000ns period=6.000ns})
  Path Group:             clk
  Path Type:              Setup (Max at Slow Process Corner)
  Requirement:            6.000ns  (clk rise@6.000ns - clk rise@0.000ns)
  Data Path Delay:        4.926ns  (logic 0.844ns (17.134%)  route 4.082ns (82.866%))
  Logic Levels:           10  (CARRY4=1 LUT3=1 LUT4=1 LUT6=7)
  Clock Path Skew:        -0.027ns (DCD - SCD + CPR)
    Destination Clock Delay (DCD):    0.510ns = ( 6.510 - 6.000 ) 
    Source Clock Delay      (SCD):    0.537ns
    Clock Pessimism Removal (CPR):    0.000ns
  Clock Uncertainty:      0.035ns  ((TSJ^2 + TIJ^2)^1/2 + DJ) / 2 + PE
    Total System Jitter     (TSJ):    0.071ns
    Total Input Jitter      (TIJ):    0.000ns
    Discrete Jitter          (DJ):    0.000ns
    Phase Error              (PE):    0.000ns

    Location             Delay type                Incr(ns)  Path(ns)    Netlist Resource(s)
  -------------------------------------------------------------------    -------------------
                         (clock clk rise edge)        0.000     0.000 r  
                                                      0.000     0.000 r  clk (IN)
                         net (fo=685, unset)          0.537     0.537    tehb6/clk
                         FDCE                                         r  tehb6/data_reg_reg[0]/C
  -------------------------------------------------------------------    -------------------
                         FDCE (Prop_fdce_C_Q)         0.175     0.712 r  tehb6/data_reg_reg[0]/Q
                         net (fo=7, unplaced)         0.451     1.163    tehb6/data_reg_reg[5]_1[0]
                         LUT3 (Prop_lut3_I0_O)        0.123     1.286 r  tehb6/Memory_reg_0_3_0_5_i_3__0/O
                         net (fo=9, unplaced)         0.448     1.734    tehb6/D[0]
                         LUT6 (Prop_lut6_I3_O)        0.043     1.777 r  tehb6/dataOutArray[0]0_carry_i_8/O
                         net (fo=2, unplaced)         0.281     2.058    tehb6/dataOutArray[0]0_carry_i_8_n_0
                         LUT6 (Prop_lut6_I5_O)        0.043     2.101 r  tehb6/dataOutArray[0]0_carry_i_1__1/O
                         net (fo=1, unplaced)         0.274     2.375    cmpi4/DI[2]
                         CARRY4 (Prop_carry4_DI[2]_CO[3])
                                                      0.202     2.577 f  cmpi4/dataOutArray[0]0_carry/CO[3]
                         net (fo=22, unplaced)        0.690     3.267    tehb6/CO[0]
                         LUT4 (Prop_lut4_I0_O)        0.043     3.310 f  tehb6/full_reg_i_5/O
                         net (fo=6, unplaced)         0.302     3.612    control_merge7/fork_C1/generateBlocks[1].regblock/data_reg_reg[0]_1
                         LUT6 (Prop_lut6_I5_O)        0.043     3.655 f  control_merge7/fork_C1/generateBlocks[1].regblock/full_reg_i_2__1/O
                         net (fo=10, unplaced)        0.313     3.968    fork16/generateBlocks[1].regblock/reg_value_i_2__0_1
                         LUT6 (Prop_lut6_I3_O)        0.043     4.011 f  fork16/generateBlocks[1].regblock/reg_value_i_4__2/O
                         net (fo=3, unplaced)         0.425     4.436    fork16/generateBlocks[1].regblock/reg_value_i_4__2_n_0
                         LUT6 (Prop_lut6_I0_O)        0.043     4.479 f  fork16/generateBlocks[1].regblock/reg_value_i_2__1/O
                         net (fo=2, unplaced)         0.281     4.760    fork13/generateBlocks[1].regblock/reg_value_reg_5
                         LUT6 (Prop_lut6_I1_O)        0.043     4.803 r  fork13/generateBlocks[1].regblock/reg_value_i_4__1/O
                         net (fo=10, unplaced)        0.313     5.116    oehb4/fifo/data_reg_reg[5]
                         LUT6 (Prop_lut6_I2_O)        0.043     5.159 r  oehb4/fifo/data_reg[5]_i_1/O
                         net (fo=6, unplaced)         0.304     5.463    tehb6/E[0]
                         FDCE                                         r  tehb6/data_reg_reg[0]/CE
  -------------------------------------------------------------------    -------------------

                         (clock clk rise edge)        6.000     6.000 r  
                                                      0.000     6.000 r  clk (IN)
                         net (fo=685, unset)          0.510     6.510    tehb6/clk
                         FDCE                                         r  tehb6/data_reg_reg[0]/C
                         clock pessimism              0.000     6.510    
                         clock uncertainty           -0.035     6.475    
                         FDCE (Setup_fdce_C_CE)      -0.245     6.230    tehb6/data_reg_reg[0]
  -------------------------------------------------------------------
                         required time                          6.230    
                         arrival time                          -5.463    
  -------------------------------------------------------------------
                         slack                                  0.767    




report_timing: Time (s): cpu = 00:00:05 ; elapsed = 00:00:05 . Memory (MB): peak = 2495.387 ; gain = 251.887 ; free physical = 204916 ; free virtual = 247719
