INFO: [Timing 38-91] UpdateTimingParams: Speed grade: -2, Delay Type: max.
INFO: [Timing 38-191] Multithreading enabled for timing update using a maximum of 8 CPUs
INFO: [Timing 38-78] ReportTimingParams: -max_paths 1 -nworst 1 -delay_type max -sort_by slack.
Copyright 1986-2019 Xilinx, Inc. All Rights Reserved.
--------------------------------------------------------------------------------------
| Tool Version : Vivado v.2019.1.1 (lin64) Build 2580384 Sat Jun 29 08:04:45 MDT 2019
| Date         : Thu Aug  1 13:05:21 2024
| Host         : ee-tik-eda2 running 64-bit CentOS Linux release 7.9.2009 (Core)
| Command      : report_timing
| Design       : video_filter
| Device       : 7k160t-fbg484
| Speed File   : -2  PRODUCTION 1.12 2017-02-17
--------------------------------------------------------------------------------------

Timing Report

Slack (MET) :             0.178ns  (required time - arrival time)
  Source:                 oehb13/data_reg_reg[2]/C
                            (rising edge-triggered cell FDCE clocked by clk  {rise@0.000ns fall@2.000ns period=4.000ns})
  Destination:            oehb3/data_reg_reg[0]/CE
                            (rising edge-triggered cell FDCE clocked by clk  {rise@0.000ns fall@2.000ns period=4.000ns})
  Path Group:             clk
  Path Type:              Setup (Max at Slow Process Corner)
  Requirement:            4.000ns  (clk rise@4.000ns - clk rise@0.000ns)
  Data Path Delay:        3.586ns  (logic 0.919ns (25.626%)  route 2.667ns (74.374%))
  Logic Levels:           9  (CARRY4=1 LUT2=1 LUT4=1 LUT5=1 LUT6=5)
  Clock Path Skew:        -0.022ns (DCD - SCD + CPR)
    Destination Clock Delay (DCD):    1.149ns = ( 5.149 - 4.000 ) 
    Source Clock Delay      (SCD):    1.277ns
    Clock Pessimism Removal (CPR):    0.106ns
  Clock Uncertainty:      0.035ns  ((TSJ^2 + TIJ^2)^1/2 + DJ) / 2 + PE
    Total System Jitter     (TSJ):    0.071ns
    Total Input Jitter      (TIJ):    0.000ns
    Discrete Jitter          (DJ):    0.000ns
    Phase Error              (PE):    0.000ns

    Location             Delay type                Incr(ns)  Path(ns)    Netlist Resource(s)
  -------------------------------------------------------------------    -------------------
                         (clock clk rise edge)        0.000     0.000 r  
                                                      0.000     0.000 r  clk (IN)
                         net (fo=1447, unset)         1.277     1.277    oehb13/clk
    SLICE_X16Y114        FDCE                                         r  oehb13/data_reg_reg[2]/C
  -------------------------------------------------------------------    -------------------
    SLICE_X16Y114        FDCE (Prop_fdce_C_Q)         0.236     1.513 r  oehb13/data_reg_reg[2]/Q
                         net (fo=4, routed)           0.334     1.847    cmpi3/Q[1]
    SLICE_X16Y115        LUT2 (Prop_lut2_I0_O)        0.126     1.973 r  cmpi3/validArray[0]_i_9/O
                         net (fo=1, routed)           0.000     1.973    cmpi3/validArray[0]_i_9_n_0
    SLICE_X16Y115        CARRY4 (Prop_carry4_S[1]_CO[3])
                                                      0.256     2.229 r  cmpi3/validArray_reg[0]_i_4/CO[3]
                         net (fo=17, routed)          0.462     2.691    start_0/startBuff/oehb1/dataOutArray[0][0]
    SLICE_X15Y115        LUT6 (Prop_lut6_I2_O)        0.043     2.734 f  start_0/startBuff/oehb1/data_reg[5]_i_4__1/O
                         net (fo=24, routed)          0.225     2.959    fork1/generateBlocks[2].regblock/reg_value_reg_3
    SLICE_X15Y116        LUT4 (Prop_lut4_I2_O)        0.043     3.002 r  fork1/generateBlocks[2].regblock/data_reg[31]_i_5__2/O
                         net (fo=9, routed)           0.216     3.218    tehb20/mux1_pValidArray_0
    SLICE_X14Y117        LUT6 (Prop_lut6_I4_O)        0.043     3.261 r  tehb20/reg_value_i_15/O
                         net (fo=1, routed)           0.328     3.589    fork13/generateBlocks[2].regblock/reg_value_i_2__8_0
    SLICE_X14Y116        LUT6 (Prop_lut6_I3_O)        0.043     3.632 f  fork13/generateBlocks[2].regblock/reg_value_i_7__0/O
                         net (fo=1, routed)           0.408     4.040    fork13/generateBlocks[3].regblock/reg_value_reg_3
    SLICE_X15Y113        LUT6 (Prop_lut6_I3_O)        0.043     4.083 f  fork13/generateBlocks[3].regblock/reg_value_i_2__8/O
                         net (fo=8, routed)           0.124     4.207    fork3/generateBlocks[6].regblock/forkStop
    SLICE_X15Y113        LUT5 (Prop_lut5_I2_O)        0.043     4.250 f  fork3/generateBlocks[6].regblock/reg_value_i_2/O
                         net (fo=9, routed)           0.224     4.474    fork3/generateBlocks[4].regblock/validArray_reg[0]_1
    SLICE_X16Y112        LUT6 (Prop_lut6_I2_O)        0.043     4.517 r  fork3/generateBlocks[4].regblock/data_reg[5]_i_1__15/O
                         net (fo=6, routed)           0.346     4.863    oehb3/data_reg_reg[5]_2[0]
    SLICE_X16Y112        FDCE                                         r  oehb3/data_reg_reg[0]/CE
  -------------------------------------------------------------------    -------------------

                         (clock clk rise edge)        4.000     4.000 r  
                                                      0.000     4.000 r  clk (IN)
                         net (fo=1447, unset)         1.149     5.149    oehb3/clk
    SLICE_X16Y112        FDCE                                         r  oehb3/data_reg_reg[0]/C
                         clock pessimism              0.106     5.255    
                         clock uncertainty           -0.035     5.220    
    SLICE_X16Y112        FDCE (Setup_fdce_C_CE)      -0.178     5.042    oehb3/data_reg_reg[0]
  -------------------------------------------------------------------
                         required time                          5.042    
                         arrival time                          -4.863    
  -------------------------------------------------------------------
                         slack                                  0.178    




