INFO: [Timing 38-91] UpdateTimingParams: Speed grade: -2, Delay Type: max.
INFO: [Timing 38-191] Multithreading enabled for timing update using a maximum of 8 CPUs
INFO: [Timing 38-35] Done setting XDC timing constraints.
INFO: [Timing 38-78] ReportTimingParams: -max_paths 1 -nworst 1 -delay_type max -sort_by slack.
Copyright 1986-2019 Xilinx, Inc. All Rights Reserved.
--------------------------------------------------------------------------------------
| Tool Version : Vivado v.2019.1.1 (lin64) Build 2580384 Sat Jun 29 08:04:45 MDT 2019
| Date         : Sat Jul 20 05:25:48 2024
| Host         : ee-tik-eda2 running 64-bit CentOS Linux release 7.9.2009 (Core)
| Command      : report_timing
| Design       : image_resize
| Device       : 7k160t-fbg484
| Speed File   : -2  PRODUCTION 1.12 2017-02-17
--------------------------------------------------------------------------------------

Timing Report

Slack (MET) :             1.630ns  (required time - arrival time)
  Source:                 tehb0/data_reg_reg[3]/C
                            (rising edge-triggered cell FDCE clocked by clk  {rise@0.000ns fall@3.000ns period=6.000ns})
  Destination:            mem_controller0/counter_reg[29]/D
                            (rising edge-triggered cell FDCE clocked by clk  {rise@0.000ns fall@3.000ns period=6.000ns})
  Path Group:             clk
  Path Type:              Setup (Max at Slow Process Corner)
  Requirement:            6.000ns  (clk rise@6.000ns - clk rise@0.000ns)
  Data Path Delay:        4.167ns  (logic 1.224ns (29.374%)  route 2.943ns (70.626%))
  Logic Levels:           13  (CARRY4=8 LUT3=2 LUT5=1 LUT6=2)
  Clock Path Skew:        -0.027ns (DCD - SCD + CPR)
    Destination Clock Delay (DCD):    0.510ns = ( 6.510 - 6.000 ) 
    Source Clock Delay      (SCD):    0.537ns
    Clock Pessimism Removal (CPR):    0.000ns
  Clock Uncertainty:      0.035ns  ((TSJ^2 + TIJ^2)^1/2 + DJ) / 2 + PE
    Total System Jitter     (TSJ):    0.071ns
    Total Input Jitter      (TIJ):    0.000ns
    Discrete Jitter          (DJ):    0.000ns
    Phase Error              (PE):    0.000ns

    Location             Delay type                Incr(ns)  Path(ns)    Netlist Resource(s)
  -------------------------------------------------------------------    -------------------
                         (clock clk rise edge)        0.000     0.000 r  
                                                      0.000     0.000 r  clk (IN)
                         net (fo=610, unset)          0.537     0.537    tehb0/clk
                         FDCE                                         r  tehb0/data_reg_reg[3]/C
  -------------------------------------------------------------------    -------------------
                         FDCE (Prop_fdce_C_Q)         0.175     0.712 r  tehb0/data_reg_reg[3]/Q
                         net (fo=3, unplaced)         0.434     1.146    tehb0/data_reg_reg_n_0_[3]
                         LUT3 (Prop_lut3_I0_O)        0.123     1.269 r  tehb0/Memory_reg[2][3]_srl3_i_1/O
                         net (fo=4, unplaced)         0.766     2.035    tehb0/data_reg_reg[3]_0
                         LUT6 (Prop_lut6_I1_O)        0.043     2.078 r  tehb0/data_reg[6]_i_4/O
                         net (fo=21, unplaced)        0.331     2.409    control_merge4/oehb1/cmpi2_dataOutArray_0
                         LUT6 (Prop_lut6_I4_O)        0.043     2.452 r  control_merge4/oehb1/full_reg_i_2__7/O
                         net (fo=6, unplaced)         0.302     2.754    control_merge5/fork_C1/generateBlocks[0].regblock/oehb1_valid
                         LUT3 (Prop_lut3_I2_O)        0.047     2.801 r  control_merge5/fork_C1/generateBlocks[0].regblock/end_valid_INST_0_i_6/O
                         net (fo=4, unplaced)         0.294     3.095    control_merge5/fork_C1/generateBlocks[0].regblock/constant2_pValidArray_0
                         LUT5 (Prop_lut5_I0_O)        0.043     3.138 r  control_merge5/fork_C1/generateBlocks[0].regblock/minusOp__0_carry_i_1/O
                         net (fo=1, unplaced)         0.497     3.635    mem_controller0/DI[0]
                         CARRY4 (Prop_carry4_DI[1]_CO[3])
                                                      0.253     3.888 r  mem_controller0/minusOp__0_carry/CO[3]
                         net (fo=1, unplaced)         0.007     3.895    mem_controller0/minusOp__0_carry_n_0
                         CARRY4 (Prop_carry4_CI_CO[3])
                                                      0.054     3.949 r  mem_controller0/minusOp__0_carry__0/CO[3]
                         net (fo=1, unplaced)         0.000     3.949    mem_controller0/minusOp__0_carry__0_n_0
                         CARRY4 (Prop_carry4_CI_CO[3])
                                                      0.054     4.003 r  mem_controller0/minusOp__0_carry__1/CO[3]
                         net (fo=1, unplaced)         0.000     4.003    mem_controller0/minusOp__0_carry__1_n_0
                         CARRY4 (Prop_carry4_CI_CO[3])
                                                      0.054     4.057 r  mem_controller0/minusOp__0_carry__2/CO[3]
                         net (fo=1, unplaced)         0.000     4.057    mem_controller0/minusOp__0_carry__2_n_0
                         CARRY4 (Prop_carry4_CI_CO[3])
                                                      0.054     4.111 r  mem_controller0/minusOp__0_carry__3/CO[3]
                         net (fo=1, unplaced)         0.000     4.111    mem_controller0/minusOp__0_carry__3_n_0
                         CARRY4 (Prop_carry4_CI_CO[3])
                                                      0.054     4.165 r  mem_controller0/minusOp__0_carry__4/CO[3]
                         net (fo=1, unplaced)         0.000     4.165    mem_controller0/minusOp__0_carry__4_n_0
                         CARRY4 (Prop_carry4_CI_CO[3])
                                                      0.054     4.219 r  mem_controller0/minusOp__0_carry__5/CO[3]
                         net (fo=1, unplaced)         0.000     4.219    mem_controller0/minusOp__0_carry__5_n_0
                         CARRY4 (Prop_carry4_CI_O[1])
                                                      0.173     4.392 r  mem_controller0/minusOp__0_carry__6/O[1]
                         net (fo=2, unplaced)         0.312     4.704    mem_controller0/counter[29]
                         FDCE                                         r  mem_controller0/counter_reg[29]/D
  -------------------------------------------------------------------    -------------------

                         (clock clk rise edge)        6.000     6.000 r  
                                                      0.000     6.000 r  clk (IN)
                         net (fo=610, unset)          0.510     6.510    mem_controller0/clk
                         FDCE                                         r  mem_controller0/counter_reg[29]/C
                         clock pessimism              0.000     6.510    
                         clock uncertainty           -0.035     6.475    
                         FDCE (Setup_fdce_C_D)       -0.141     6.334    mem_controller0/counter_reg[29]
  -------------------------------------------------------------------
                         required time                          6.334    
                         arrival time                          -4.704    
  -------------------------------------------------------------------
                         slack                                  1.630    




report_timing: Time (s): cpu = 00:00:05 ; elapsed = 00:00:05 . Memory (MB): peak = 2468.465 ; gain = 233.082 ; free physical = 204885 ; free virtual = 247731
