INFO: [Timing 38-91] UpdateTimingParams: Speed grade: -2, Delay Type: max.
INFO: [Timing 38-191] Multithreading enabled for timing update using a maximum of 8 CPUs
INFO: [Timing 38-35] Done setting XDC timing constraints.
INFO: [Timing 38-78] ReportTimingParams: -max_paths 1 -nworst 1 -delay_type max -sort_by slack.
Copyright 1986-2019 Xilinx, Inc. All Rights Reserved.
--------------------------------------------------------------------------------------
| Tool Version : Vivado v.2019.1.1 (lin64) Build 2580384 Sat Jun 29 08:04:45 MDT 2019
| Date         : Sat Aug  3 06:04:06 2024
| Host         : ee-tik-eda2 running 64-bit CentOS Linux release 7.9.2009 (Core)
| Command      : report_timing
| Design       : matvec
| Device       : 7k160t-fbg484
| Speed File   : -2  PRODUCTION 1.12 2017-02-17
--------------------------------------------------------------------------------------

Timing Report

Slack (MET) :             0.412ns  (required time - arrival time)
  Source:                 oehb1/data_reg_reg[0]/C
                            (rising edge-triggered cell FDCE clocked by clk  {rise@0.000ns fall@3.000ns period=6.000ns})
  Destination:            oehb3/data_reg_reg[0]/CE
                            (rising edge-triggered cell FDCE clocked by clk  {rise@0.000ns fall@3.000ns period=6.000ns})
  Path Group:             clk
  Path Type:              Setup (Max at Slow Process Corner)
  Requirement:            6.000ns  (clk rise@6.000ns - clk rise@0.000ns)
  Data Path Delay:        5.281ns  (logic 0.942ns (17.838%)  route 4.339ns (82.162%))
  Logic Levels:           11  (CARRY4=1 LUT1=1 LUT2=1 LUT4=2 LUT5=3 LUT6=3)
  Clock Path Skew:        -0.027ns (DCD - SCD + CPR)
    Destination Clock Delay (DCD):    0.510ns = ( 6.510 - 6.000 ) 
    Source Clock Delay      (SCD):    0.537ns
    Clock Pessimism Removal (CPR):    0.000ns
  Clock Uncertainty:      0.035ns  ((TSJ^2 + TIJ^2)^1/2 + DJ) / 2 + PE
    Total System Jitter     (TSJ):    0.071ns
    Total Input Jitter      (TIJ):    0.000ns
    Discrete Jitter          (DJ):    0.000ns
    Phase Error              (PE):    0.000ns

    Location             Delay type                Incr(ns)  Path(ns)    Netlist Resource(s)
  -------------------------------------------------------------------    -------------------
                         (clock clk rise edge)        0.000     0.000 r  
                                                      0.000     0.000 r  clk (IN)
                         net (fo=640, unset)          0.537     0.537    oehb1/clk
                         FDCE                                         r  oehb1/data_reg_reg[0]/C
  -------------------------------------------------------------------    -------------------
                         FDCE (Prop_fdce_C_Q)         0.175     0.712 r  oehb1/data_reg_reg[0]/Q
                         net (fo=4, unplaced)         0.458     1.170    tehb0/Q[0]
                         LUT5 (Prop_lut5_I0_O)        0.127     1.297 r  tehb0/dataOutArray[0]0_carry_i_9/O
                         net (fo=3, unplaced)         0.288     1.585    tehb0/dataOutArray[0]0_carry_i_9_n_0
                         LUT6 (Prop_lut6_I2_O)        0.043     1.628 r  tehb0/dataOutArray[0]0_carry_i_10/O
                         net (fo=4, unplaced)         0.294     1.922    tehb0/dataOutArray[0]0_carry_i_10_n_0
                         LUT6 (Prop_lut6_I2_O)        0.043     1.965 f  tehb0/data_reg[5]_i_2/O
                         net (fo=3, unplaced)         0.288     2.253    tehb0/data_reg_reg[4]_1
                         LUT1 (Prop_lut1_I0_O)        0.043     2.296 r  tehb0/dataOutArray[0]0_carry_i_2__0/O
                         net (fo=1, unplaced)         0.497     2.793    cmpi2/DI[1]
                         CARRY4 (Prop_carry4_DI[1]_CO[3])
                                                      0.253     3.046 r  cmpi2/dataOutArray[0]0_carry/CO[3]
                         net (fo=20, unplaced)        0.688     3.734    tehb0/O87[0]
                         LUT5 (Prop_lut5_I0_O)        0.043     3.777 r  tehb0/Memory[0][0]_i_3/O
                         net (fo=5, unplaced)         0.298     4.075    control_merge5/oehb1/Memory_reg[0][0]_0
                         LUT6 (Prop_lut6_I3_O)        0.043     4.118 f  control_merge5/oehb1/valid_reg[0]_i_3/O
                         net (fo=9, unplaced)         0.311     4.429    control_merge5/oehb1/reg_value_reg
                         LUT2 (Prop_lut2_I0_O)        0.043     4.472 f  control_merge5/oehb1/full_reg_i_7__0/O
                         net (fo=5, unplaced)         0.298     4.770    control_merge5/oehb1/full_reg_i_7__0_n_0
                         LUT4 (Prop_lut4_I3_O)        0.043     4.813 f  control_merge5/oehb1/full_reg_i_3__3/O
                         net (fo=14, unplaced)        0.321     5.134    control_merge5/oehb1/full_reg_reg_2
                         LUT5 (Prop_lut5_I0_O)        0.043     5.177 f  control_merge5/oehb1/full_reg_i_2__5/O
                         net (fo=3, unplaced)         0.288     5.465    tehb4/full_reg_reg_3
                         LUT4 (Prop_lut4_I3_O)        0.043     5.508 r  tehb4/data_reg[7]_i_1__3/O
                         net (fo=8, unplaced)         0.310     5.818    oehb3/E[0]
                         FDCE                                         r  oehb3/data_reg_reg[0]/CE
  -------------------------------------------------------------------    -------------------

                         (clock clk rise edge)        6.000     6.000 r  
                                                      0.000     6.000 r  clk (IN)
                         net (fo=640, unset)          0.510     6.510    oehb3/clk
                         FDCE                                         r  oehb3/data_reg_reg[0]/C
                         clock pessimism              0.000     6.510    
                         clock uncertainty           -0.035     6.475    
                         FDCE (Setup_fdce_C_CE)      -0.245     6.230    oehb3/data_reg_reg[0]
  -------------------------------------------------------------------
                         required time                          6.230    
                         arrival time                          -5.818    
  -------------------------------------------------------------------
                         slack                                  0.412    




report_timing: Time (s): cpu = 00:00:05 ; elapsed = 00:00:06 . Memory (MB): peak = 2477.238 ; gain = 237.887 ; free physical = 187919 ; free virtual = 249439
