INFO: [Timing 38-91] UpdateTimingParams: Speed grade: -2, Delay Type: max.
INFO: [Timing 38-191] Multithreading enabled for timing update using a maximum of 8 CPUs
INFO: [Timing 38-78] ReportTimingParams: -max_paths 1 -nworst 1 -delay_type max -sort_by slack.
Copyright 1986-2019 Xilinx, Inc. All Rights Reserved.
--------------------------------------------------------------------------------------
| Tool Version : Vivado v.2019.1.1 (lin64) Build 2580384 Sat Jun 29 08:04:45 MDT 2019
| Date         : Sat Aug  3 12:30:22 2024
| Host         : ee-tik-eda2 running 64-bit CentOS Linux release 7.9.2009 (Core)
| Command      : report_timing
| Design       : if_loop_2
| Device       : 7k160t-fbg484
| Speed File   : -2  PRODUCTION 1.12 2017-02-17
--------------------------------------------------------------------------------------

Timing Report

Slack (MET) :             0.539ns  (required time - arrival time)
  Source:                 tehb1/gen_OEHB[0].OEHB_inst/data_reg_reg[9]/C
                            (rising edge-triggered cell FDCE clocked by clk  {rise@0.000ns fall@2.000ns period=4.000ns})
  Destination:            tehb1/gen_OEHB[0].OEHB_inst/data_reg_reg[4]/CE
                            (rising edge-triggered cell FDCE clocked by clk  {rise@0.000ns fall@2.000ns period=4.000ns})
  Path Group:             clk
  Path Type:              Setup (Max at Slow Process Corner)
  Requirement:            4.000ns  (clk rise@4.000ns - clk rise@0.000ns)
  Data Path Delay:        3.180ns  (logic 0.839ns (26.380%)  route 2.341ns (73.620%))
  Logic Levels:           8  (CARRY4=3 LUT3=2 LUT4=1 LUT6=2)
  Clock Path Skew:        -0.044ns (DCD - SCD + CPR)
    Destination Clock Delay (DCD):    1.139ns = ( 5.139 - 4.000 ) 
    Source Clock Delay      (SCD):    1.268ns
    Clock Pessimism Removal (CPR):    0.085ns
  Clock Uncertainty:      0.035ns  ((TSJ^2 + TIJ^2)^1/2 + DJ) / 2 + PE
    Total System Jitter     (TSJ):    0.071ns
    Total Input Jitter      (TIJ):    0.000ns
    Discrete Jitter          (DJ):    0.000ns
    Phase Error              (PE):    0.000ns

    Location             Delay type                Incr(ns)  Path(ns)    Netlist Resource(s)
  -------------------------------------------------------------------    -------------------
                         (clock clk rise edge)        0.000     0.000 r  
                                                      0.000     0.000 r  clk (IN)
                         net (fo=604, unset)          1.268     1.268    tehb1/gen_OEHB[0].OEHB_inst/clk
    SLICE_X8Y126         FDCE                                         r  tehb1/gen_OEHB[0].OEHB_inst/data_reg_reg[9]/C
  -------------------------------------------------------------------    -------------------
    SLICE_X8Y126         FDCE (Prop_fdce_C_Q)         0.259     1.527 r  tehb1/gen_OEHB[0].OEHB_inst/data_reg_reg[9]/Q
                         net (fo=5, routed)           0.584     2.111    tehb0/gen_OEHB[0].OEHB_inst/dataOutArray[0]0_carry__2[9]
    SLICE_X7Y125         LUT4 (Prop_lut4_I1_O)        0.043     2.154 r  tehb0/gen_OEHB[0].OEHB_inst/dataOutArray[0]0_carry__0_i_8/O
                         net (fo=1, routed)           0.000     2.154    cmpi1/dataOutArray[0]0_carry__1_1[0]
    SLICE_X7Y125         CARRY4 (Prop_carry4_S[0]_CO[3])
                                                      0.259     2.413 r  cmpi1/dataOutArray[0]0_carry__0/CO[3]
                         net (fo=1, routed)           0.000     2.413    cmpi1/dataOutArray[0]0_carry__0_n_0
    SLICE_X7Y126         CARRY4 (Prop_carry4_CI_CO[3])
                                                      0.053     2.466 r  cmpi1/dataOutArray[0]0_carry__1/CO[3]
                         net (fo=1, routed)           0.000     2.466    cmpi1/dataOutArray[0]0_carry__1_n_0
    SLICE_X7Y127         CARRY4 (Prop_carry4_CI_CO[3])
                                                      0.053     2.519 r  cmpi1/dataOutArray[0]0_carry__2/CO[3]
                         net (fo=14, routed)          0.485     3.005    tehb2/gen_OEHB[0].OEHB_inst/O50[0]
    SLICE_X8Y129         LUT6 (Prop_lut6_I2_O)        0.043     3.048 f  tehb2/gen_OEHB[0].OEHB_inst/full_reg_i_2__3/O
                         net (fo=12, routed)          0.342     3.390    control_merge3/fork_C1/generateBlocks[1].regblock/reg_value_reg_11
    SLICE_X9Y129         LUT3 (Prop_lut3_I1_O)        0.043     3.433 f  control_merge3/fork_C1/generateBlocks[1].regblock/data_reg[31]_i_3__1/O
                         net (fo=37, routed)          0.138     3.571    control_merge3/fork_C1/generateBlocks[1].regblock/reg_value_reg_3
    SLICE_X9Y129         LUT6 (Prop_lut6_I3_O)        0.043     3.614 f  control_merge3/fork_C1/generateBlocks[1].regblock/full_reg_i_2__1/O
                         net (fo=6, routed)           0.301     3.915    tehb1/gen_OEHB[0].OEHB_inst/full_reg_reg
    SLICE_X11Y129        LUT3 (Prop_lut3_I2_O)        0.043     3.958 r  tehb1/gen_OEHB[0].OEHB_inst/data_reg[31]_i_1__2/O
                         net (fo=34, routed)          0.491     4.448    tehb1/gen_OEHB[0].OEHB_inst/enable
    SLICE_X11Y124        FDCE                                         r  tehb1/gen_OEHB[0].OEHB_inst/data_reg_reg[4]/CE
  -------------------------------------------------------------------    -------------------

                         (clock clk rise edge)        4.000     4.000 r  
                                                      0.000     4.000 r  clk (IN)
                         net (fo=604, unset)          1.139     5.139    tehb1/gen_OEHB[0].OEHB_inst/clk
    SLICE_X11Y124        FDCE                                         r  tehb1/gen_OEHB[0].OEHB_inst/data_reg_reg[4]/C
                         clock pessimism              0.085     5.224    
                         clock uncertainty           -0.035     5.189    
    SLICE_X11Y124        FDCE (Setup_fdce_C_CE)      -0.201     4.988    tehb1/gen_OEHB[0].OEHB_inst/data_reg_reg[4]
  -------------------------------------------------------------------
                         required time                          4.988    
                         arrival time                          -4.448    
  -------------------------------------------------------------------
                         slack                                  0.539    




