INFO: [Timing 38-91] UpdateTimingParams: Speed grade: -2, Delay Type: max.
INFO: [Timing 38-191] Multithreading enabled for timing update using a maximum of 8 CPUs
INFO: [Timing 38-35] Done setting XDC timing constraints.
INFO: [Timing 38-78] ReportTimingParams: -max_paths 1 -nworst 1 -delay_type max -sort_by slack.
Copyright 1986-2019 Xilinx, Inc. All Rights Reserved.
--------------------------------------------------------------------------------------
| Tool Version : Vivado v.2019.1.1 (lin64) Build 2580384 Sat Jun 29 08:04:45 MDT 2019
| Date         : Sat Aug  3 08:24:35 2024
| Host         : ee-tik-eda2 running 64-bit CentOS Linux release 7.9.2009 (Core)
| Command      : report_timing
| Design       : video_filter
| Device       : 7k160t-fbg484
| Speed File   : -2  PRODUCTION 1.12 2017-02-17
--------------------------------------------------------------------------------------

Timing Report

Slack (MET) :             0.757ns  (required time - arrival time)
  Source:                 oehb0/data_reg_reg[0]/C
                            (rising edge-triggered cell FDCE clocked by clk  {rise@0.000ns fall@3.000ns period=6.000ns})
  Destination:            mem_controller0/counter_reg[29]/D
                            (rising edge-triggered cell FDCE clocked by clk  {rise@0.000ns fall@3.000ns period=6.000ns})
  Path Group:             clk
  Path Type:              Setup (Max at Slow Process Corner)
  Requirement:            6.000ns  (clk rise@6.000ns - clk rise@0.000ns)
  Data Path Delay:        5.040ns  (logic 1.579ns (31.329%)  route 3.461ns (68.671%))
  Logic Levels:           16  (CARRY4=9 LUT3=1 LUT4=1 LUT5=4 LUT6=1)
  Clock Path Skew:        -0.027ns (DCD - SCD + CPR)
    Destination Clock Delay (DCD):    0.510ns = ( 6.510 - 6.000 ) 
    Source Clock Delay      (SCD):    0.537ns
    Clock Pessimism Removal (CPR):    0.000ns
  Clock Uncertainty:      0.035ns  ((TSJ^2 + TIJ^2)^1/2 + DJ) / 2 + PE
    Total System Jitter     (TSJ):    0.071ns
    Total Input Jitter      (TIJ):    0.000ns
    Discrete Jitter          (DJ):    0.000ns
    Phase Error              (PE):    0.000ns

    Location             Delay type                Incr(ns)  Path(ns)    Netlist Resource(s)
  -------------------------------------------------------------------    -------------------
                         (clock clk rise edge)        0.000     0.000 r  
                                                      0.000     0.000 r  clk (IN)
                         net (fo=1662, unset)         0.537     0.537    oehb0/clk
                         FDCE                                         r  oehb0/data_reg_reg[0]/C
  -------------------------------------------------------------------    -------------------
                         FDCE (Prop_fdce_C_Q)         0.175     0.712 r  oehb0/data_reg_reg[0]/Q
                         net (fo=11, unplaced)        0.462     1.174    oehb0/Q[0]
                         LUT4 (Prop_lut4_I1_O)        0.123     1.297 f  oehb0/data_reg[3]_i_3/O
                         net (fo=1, unplaced)         0.270     1.567    tehb2/data_reg_reg[3]_1
                         LUT6 (Prop_lut6_I5_O)        0.043     1.610 f  tehb2/data_reg[3]_i_2__2/O
                         net (fo=4, unplaced)         0.294     1.904    cmpi2/addi14_dataOutArray_0[1]
                         LUT5 (Prop_lut5_I1_O)        0.051     1.955 r  cmpi2/reg_value_i_6/O
                         net (fo=1, unplaced)         0.000     1.955    cmpi2/reg_value_i_6_n_0
                         CARRY4 (Prop_carry4_DI[1]_CO[3])
                                                      0.265     2.220 r  cmpi2/reg_value_reg_i_2/CO[3]
                         net (fo=20, unplaced)        0.688     2.908    tehb2/dataOutArray[0][0]
                         LUT5 (Prop_lut5_I0_O)        0.043     2.951 r  tehb2/data_reg[0]_i_3/O
                         net (fo=6, unplaced)         0.302     3.253    control_merge4/fork_C1/generateBlocks[0].regblock/validArray_reg[0]
                         LUT5 (Prop_lut5_I1_O)        0.043     3.296 f  control_merge4/fork_C1/generateBlocks[0].regblock/full_reg_i_2__12/O
                         net (fo=9, unplaced)         0.311     3.607    fork8/generateBlocks[1].regblock/end_valid_INST_0_i_14
                         LUT3 (Prop_lut3_I2_O)        0.043     3.650 r  fork8/generateBlocks[1].regblock/end_valid_INST_0_i_6/O
                         net (fo=12, unplaced)        0.318     3.968    oehb14/tehb/constant2_pValidArray_0
                         LUT5 (Prop_lut5_I0_O)        0.043     4.011 r  oehb14/tehb/counter[3]_i_2/O
                         net (fo=1, unplaced)         0.497     4.508    mem_controller0/DI[0]
                         CARRY4 (Prop_carry4_DI[1]_CO[3])
                                                      0.253     4.761 r  mem_controller0/counter_reg[3]_i_1/CO[3]
                         net (fo=1, unplaced)         0.007     4.768    mem_controller0/counter_reg[3]_i_1_n_0
                         CARRY4 (Prop_carry4_CI_CO[3])
                                                      0.054     4.822 r  mem_controller0/counter_reg[7]_i_1/CO[3]
                         net (fo=1, unplaced)         0.000     4.822    mem_controller0/counter_reg[7]_i_1_n_0
                         CARRY4 (Prop_carry4_CI_CO[3])
                                                      0.054     4.876 r  mem_controller0/counter_reg[11]_i_1/CO[3]
                         net (fo=1, unplaced)         0.000     4.876    mem_controller0/counter_reg[11]_i_1_n_0
                         CARRY4 (Prop_carry4_CI_CO[3])
                                                      0.054     4.930 r  mem_controller0/counter_reg[15]_i_1/CO[3]
                         net (fo=1, unplaced)         0.000     4.930    mem_controller0/counter_reg[15]_i_1_n_0
                         CARRY4 (Prop_carry4_CI_CO[3])
                                                      0.054     4.984 r  mem_controller0/counter_reg[19]_i_1/CO[3]
                         net (fo=1, unplaced)         0.000     4.984    mem_controller0/counter_reg[19]_i_1_n_0
                         CARRY4 (Prop_carry4_CI_CO[3])
                                                      0.054     5.038 r  mem_controller0/counter_reg[23]_i_1/CO[3]
                         net (fo=1, unplaced)         0.000     5.038    mem_controller0/counter_reg[23]_i_1_n_0
                         CARRY4 (Prop_carry4_CI_CO[3])
                                                      0.054     5.092 r  mem_controller0/counter_reg[27]_i_1/CO[3]
                         net (fo=1, unplaced)         0.000     5.092    mem_controller0/counter_reg[27]_i_1_n_0
                         CARRY4 (Prop_carry4_CI_O[1])
                                                      0.173     5.265 r  mem_controller0/counter_reg[31]_i_1/O[1]
                         net (fo=2, unplaced)         0.312     5.577    mem_controller0/counter[29]
                         FDCE                                         r  mem_controller0/counter_reg[29]/D
  -------------------------------------------------------------------    -------------------

                         (clock clk rise edge)        6.000     6.000 r  
                                                      0.000     6.000 r  clk (IN)
                         net (fo=1662, unset)         0.510     6.510    mem_controller0/clk
                         FDCE                                         r  mem_controller0/counter_reg[29]/C
                         clock pessimism              0.000     6.510    
                         clock uncertainty           -0.035     6.475    
                         FDCE (Setup_fdce_C_D)       -0.141     6.334    mem_controller0/counter_reg[29]
  -------------------------------------------------------------------
                         required time                          6.334    
                         arrival time                          -5.577    
  -------------------------------------------------------------------
                         slack                                  0.757    




report_timing: Time (s): cpu = 00:00:07 ; elapsed = 00:00:06 . Memory (MB): peak = 2534.246 ; gain = 330.082 ; free physical = 187984 ; free virtual = 249402
