INFO: [Timing 38-91] UpdateTimingParams: Speed grade: -2, Delay Type: max.
INFO: [Timing 38-191] Multithreading enabled for timing update using a maximum of 8 CPUs
INFO: [Timing 38-35] Done setting XDC timing constraints.
INFO: [Timing 38-78] ReportTimingParams: -max_paths 1 -nworst 1 -delay_type max -sort_by slack.
Copyright 1986-2019 Xilinx, Inc. All Rights Reserved.
--------------------------------------------------------------------------------------
| Tool Version : Vivado v.2019.1.1 (lin64) Build 2580384 Sat Jun 29 08:04:45 MDT 2019
| Date         : Sat Jul 20 07:05:18 2024
| Host         : ee-tik-eda2 running 64-bit CentOS Linux release 7.9.2009 (Core)
| Command      : report_timing
| Design       : if_loop_2
| Device       : 7k160t-fbg484
| Speed File   : -2  PRODUCTION 1.12 2017-02-17
--------------------------------------------------------------------------------------

Timing Report

Slack (MET) :             1.253ns  (required time - arrival time)
  Source:                 control_merge3/fork_C1/generateBlocks[1].regblock/reg_value_reg/C
                            (rising edge-triggered cell FDPE clocked by clk  {rise@0.000ns fall@3.000ns period=6.000ns})
  Destination:            mux2/tehb1/data_reg_reg[0]/CE
                            (rising edge-triggered cell FDCE clocked by clk  {rise@0.000ns fall@3.000ns period=6.000ns})
  Path Group:             clk
  Path Type:              Setup (Max at Slow Process Corner)
  Requirement:            6.000ns  (clk rise@6.000ns - clk rise@0.000ns)
  Data Path Delay:        4.440ns  (logic 1.019ns (22.950%)  route 3.421ns (77.050%))
  Logic Levels:           11  (CARRY4=4 LUT4=1 LUT5=2 LUT6=4)
  Clock Path Skew:        -0.027ns (DCD - SCD + CPR)
    Destination Clock Delay (DCD):    0.510ns = ( 6.510 - 6.000 ) 
    Source Clock Delay      (SCD):    0.537ns
    Clock Pessimism Removal (CPR):    0.000ns
  Clock Uncertainty:      0.035ns  ((TSJ^2 + TIJ^2)^1/2 + DJ) / 2 + PE
    Total System Jitter     (TSJ):    0.071ns
    Total Input Jitter      (TIJ):    0.000ns
    Discrete Jitter          (DJ):    0.000ns
    Phase Error              (PE):    0.000ns

    Location             Delay type                Incr(ns)  Path(ns)    Netlist Resource(s)
  -------------------------------------------------------------------    -------------------
                         (clock clk rise edge)        0.000     0.000 r  
                                                      0.000     0.000 r  clk (IN)
                         net (fo=633, unset)          0.537     0.537    control_merge3/fork_C1/generateBlocks[1].regblock/clk
                         FDPE                                         r  control_merge3/fork_C1/generateBlocks[1].regblock/reg_value_reg/C
  -------------------------------------------------------------------    -------------------
                         FDPE (Prop_fdpe_C_Q)         0.175     0.712 r  control_merge3/fork_C1/generateBlocks[1].regblock/reg_value_reg/Q
                         net (fo=5, unplaced)         0.555     1.267    control_merge3/fork_C1/generateBlocks[1].regblock/reg_value_reg_0
                         LUT6 (Prop_lut6_I0_O)        0.123     1.390 f  control_merge3/fork_C1/generateBlocks[1].regblock/reg_value_i_2__1/O
                         net (fo=8, unplaced)         0.308     1.698    control_merge3/oehb1/reg_value_reg_7
                         LUT5 (Prop_lut5_I4_O)        0.043     1.741 r  control_merge3/oehb1/a_address1[31]_INST_0_i_5/O
                         net (fo=96, unplaced)        0.369     2.110    mux0/tehb1/data_reg_reg[0]_2
                         LUT6 (Prop_lut6_I5_O)        0.043     2.153 f  mux0/tehb1/a_address1[0]_INST_0_i_1/O
                         net (fo=5, unplaced)         0.435     2.588    mux2/tehb1/dataOutArray[0]0_carry
                         LUT4 (Prop_lut4_I1_O)        0.051     2.639 r  mux2/tehb1/dataOutArray[0]0_carry_i_4/O
                         net (fo=1, unplaced)         0.000     2.639    cmpi1/DI[0]
                         CARRY4 (Prop_carry4_DI[0]_CO[3])
                                                      0.293     2.932 r  cmpi1/dataOutArray[0]0_carry/CO[3]
                         net (fo=1, unplaced)         0.007     2.939    cmpi1/dataOutArray[0]0_carry_n_0
                         CARRY4 (Prop_carry4_CI_CO[3])
                                                      0.054     2.993 r  cmpi1/dataOutArray[0]0_carry__0/CO[3]
                         net (fo=1, unplaced)         0.000     2.993    cmpi1/dataOutArray[0]0_carry__0_n_0
                         CARRY4 (Prop_carry4_CI_CO[3])
                                                      0.054     3.047 r  cmpi1/dataOutArray[0]0_carry__1/CO[3]
                         net (fo=1, unplaced)         0.000     3.047    cmpi1/dataOutArray[0]0_carry__1_n_0
                         CARRY4 (Prop_carry4_CI_CO[3])
                                                      0.054     3.101 r  cmpi1/dataOutArray[0]0_carry__2/CO[3]
                         net (fo=14, unplaced)        0.679     3.780    fork5/generateBlocks[3].regblock/condition[0][0]
                         LUT5 (Prop_lut5_I4_O)        0.043     3.823 r  fork5/generateBlocks[3].regblock/full_reg_i_5__0/O
                         net (fo=1, unplaced)         0.407     4.230    fork5/generateBlocks[3].regblock/full_reg_i_5__0_n_0
                         LUT6 (Prop_lut6_I0_O)        0.043     4.273 r  fork5/generateBlocks[3].regblock/full_reg_i_4__0/O
                         net (fo=12, unplaced)        0.318     4.591    control_merge3/fork_C1/generateBlocks[1].regblock/data_reg_reg[0]_0
                         LUT6 (Prop_lut6_I2_O)        0.043     4.634 r  control_merge3/fork_C1/generateBlocks[1].regblock/data_reg[31]_i_1__0/O
                         net (fo=32, unplaced)        0.343     4.977    mux2/tehb1/E[0]
                         FDCE                                         r  mux2/tehb1/data_reg_reg[0]/CE
  -------------------------------------------------------------------    -------------------

                         (clock clk rise edge)        6.000     6.000 r  
                                                      0.000     6.000 r  clk (IN)
                         net (fo=633, unset)          0.510     6.510    mux2/tehb1/clk
                         FDCE                                         r  mux2/tehb1/data_reg_reg[0]/C
                         clock pessimism              0.000     6.510    
                         clock uncertainty           -0.035     6.475    
                         FDCE (Setup_fdce_C_CE)      -0.245     6.230    mux2/tehb1/data_reg_reg[0]
  -------------------------------------------------------------------
                         required time                          6.230    
                         arrival time                          -4.977    
  -------------------------------------------------------------------
                         slack                                  1.253    




report_timing: Time (s): cpu = 00:00:05 ; elapsed = 00:00:05 . Memory (MB): peak = 2527.617 ; gain = 362.090 ; free physical = 204956 ; free virtual = 247757
