INFO: [Timing 38-91] UpdateTimingParams: Speed grade: -2, Delay Type: max.
INFO: [Timing 38-191] Multithreading enabled for timing update using a maximum of 8 CPUs
INFO: [Timing 38-35] Done setting XDC timing constraints.
INFO: [Timing 38-78] ReportTimingParams: -max_paths 1 -nworst 1 -delay_type max -sort_by slack.
Copyright 1986-2019 Xilinx, Inc. All Rights Reserved.
--------------------------------------------------------------------------------------
| Tool Version : Vivado v.2019.1.1 (lin64) Build 2580384 Sat Jun 29 08:04:45 MDT 2019
| Date         : Sat Aug  3 05:26:00 2024
| Host         : ee-tik-eda2 running 64-bit CentOS Linux release 7.9.2009 (Core)
| Command      : report_timing
| Design       : if_loop_1
| Device       : 7k160t-fbg484
| Speed File   : -2  PRODUCTION 1.12 2017-02-17
--------------------------------------------------------------------------------------

Timing Report

Slack (MET) :             0.617ns  (required time - arrival time)
  Source:                 oehb4/validArray_reg[0]/C
                            (rising edge-triggered cell FDCE clocked by clk  {rise@0.000ns fall@3.000ns period=6.000ns})
  Destination:            mux0/tehb1/data_reg_reg[0]/CE
                            (rising edge-triggered cell FDCE clocked by clk  {rise@0.000ns fall@3.000ns period=6.000ns})
  Path Group:             clk
  Path Type:              Setup (Max at Slow Process Corner)
  Requirement:            6.000ns  (clk rise@6.000ns - clk rise@0.000ns)
  Data Path Delay:        5.076ns  (logic 1.014ns (19.976%)  route 4.062ns (80.024%))
  Logic Levels:           12  (CARRY4=4 LUT3=1 LUT4=1 LUT5=1 LUT6=5)
  Clock Path Skew:        -0.027ns (DCD - SCD + CPR)
    Destination Clock Delay (DCD):    0.510ns = ( 6.510 - 6.000 ) 
    Source Clock Delay      (SCD):    0.537ns
    Clock Pessimism Removal (CPR):    0.000ns
  Clock Uncertainty:      0.035ns  ((TSJ^2 + TIJ^2)^1/2 + DJ) / 2 + PE
    Total System Jitter     (TSJ):    0.071ns
    Total Input Jitter      (TIJ):    0.000ns
    Discrete Jitter          (DJ):    0.000ns
    Phase Error              (PE):    0.000ns

    Location             Delay type                Incr(ns)  Path(ns)    Netlist Resource(s)
  -------------------------------------------------------------------    -------------------
                         (clock clk rise edge)        0.000     0.000 r  
                                                      0.000     0.000 r  clk (IN)
                         net (fo=629, unset)          0.537     0.537    oehb4/clk
                         FDCE                                         r  oehb4/validArray_reg[0]/C
  -------------------------------------------------------------------    -------------------
                         FDCE (Prop_fdce_C_Q)         0.175     0.712 r  oehb4/validArray_reg[0]/Q
                         net (fo=11, unplaced)        0.573     1.285    control_merge3/oehb1/oehb4_validArray_0
                         LUT6 (Prop_lut6_I0_O)        0.123     1.408 f  control_merge3/oehb1/full_reg_i_2__3/O
                         net (fo=19, unplaced)        0.329     1.737    control_merge3/oehb1/validArray_reg[0]
                         LUT4 (Prop_lut4_I2_O)        0.043     1.780 r  control_merge3/oehb1/data_reg[31]_i_5/O
                         net (fo=32, unplaced)        0.341     2.121    tehb2/data_reg_reg[0]_1
                         LUT5 (Prop_lut5_I1_O)        0.043     2.164 r  tehb2/data_reg[3]_i_1__4/O
                         net (fo=2, unplaced)         0.281     2.445    mux2/tehb1/data_reg_reg[31]_0[3]
                         LUT3 (Prop_lut3_I2_O)        0.043     2.488 r  mux2/tehb1/data_reg[3]_i_1__3/O
                         net (fo=3, unplaced)         0.288     2.776    mux2/tehb1/D[3]
                         LUT6 (Prop_lut6_I3_O)        0.043     2.819 r  mux2/tehb1/dataOutArray[0]0_carry_i_3__0/O
                         net (fo=1, unplaced)         0.497     3.316    cmpi1/DI[1]
                         CARRY4 (Prop_carry4_DI[1]_CO[3])
                                                      0.253     3.569 r  cmpi1/dataOutArray[0]0_carry/CO[3]
                         net (fo=1, unplaced)         0.007     3.576    cmpi1/dataOutArray[0]0_carry_n_0
                         CARRY4 (Prop_carry4_CI_CO[3])
                                                      0.054     3.630 r  cmpi1/dataOutArray[0]0_carry__0/CO[3]
                         net (fo=1, unplaced)         0.000     3.630    cmpi1/dataOutArray[0]0_carry__0_n_0
                         CARRY4 (Prop_carry4_CI_CO[3])
                                                      0.054     3.684 r  cmpi1/dataOutArray[0]0_carry__1/CO[3]
                         net (fo=1, unplaced)         0.000     3.684    cmpi1/dataOutArray[0]0_carry__1_n_0
                         CARRY4 (Prop_carry4_CI_CO[3])
                                                      0.054     3.738 r  cmpi1/dataOutArray[0]0_carry__2/CO[3]
                         net (fo=13, unplaced)        0.678     4.416    fork6/generateBlocks[1].regblock/condition[0][0]
                         LUT6 (Prop_lut6_I5_O)        0.043     4.459 f  fork6/generateBlocks[1].regblock/full_reg_i_7/O
                         net (fo=1, unplaced)         0.407     4.866    fork5/generateBlocks[2].regblock/reg_value_reg_2
                         LUT6 (Prop_lut6_I0_O)        0.043     4.909 r  fork5/generateBlocks[2].regblock/full_reg_i_3/O
                         net (fo=12, unplaced)        0.318     5.227    control_merge3/oehb1/reg_value_reg_7
                         LUT6 (Prop_lut6_I2_O)        0.043     5.270 r  control_merge3/oehb1/data_reg[31]_i_1/O
                         net (fo=32, unplaced)        0.343     5.613    mux0/tehb1/E[0]
                         FDCE                                         r  mux0/tehb1/data_reg_reg[0]/CE
  -------------------------------------------------------------------    -------------------

                         (clock clk rise edge)        6.000     6.000 r  
                                                      0.000     6.000 r  clk (IN)
                         net (fo=629, unset)          0.510     6.510    mux0/tehb1/clk
                         FDCE                                         r  mux0/tehb1/data_reg_reg[0]/C
                         clock pessimism              0.000     6.510    
                         clock uncertainty           -0.035     6.475    
                         FDCE (Setup_fdce_C_CE)      -0.245     6.230    mux0/tehb1/data_reg_reg[0]
  -------------------------------------------------------------------
                         required time                          6.230    
                         arrival time                          -5.613    
  -------------------------------------------------------------------
                         slack                                  0.617    




report_timing: Time (s): cpu = 00:00:05 ; elapsed = 00:00:05 . Memory (MB): peak = 2530.594 ; gain = 351.090 ; free physical = 188164 ; free virtual = 249684
