INFO: [Timing 38-91] UpdateTimingParams: Speed grade: -2, Delay Type: max.
INFO: [Timing 38-191] Multithreading enabled for timing update using a maximum of 8 CPUs
INFO: [Timing 38-78] ReportTimingParams: -max_paths 1 -nworst 1 -delay_type max -sort_by slack.
Copyright 1986-2019 Xilinx, Inc. All Rights Reserved.
--------------------------------------------------------------------------------------
| Tool Version : Vivado v.2019.1.1 (lin64) Build 2580384 Sat Jun 29 08:04:45 MDT 2019
| Date         : Tue Jul 23 14:40:29 2024
| Host         : ee-tik-eda2 running 64-bit CentOS Linux release 7.9.2009 (Core)
| Command      : report_timing
| Design       : sumi3_mem
| Device       : 7k160t-fbg484
| Speed File   : -2  PRODUCTION 1.12 2017-02-17
--------------------------------------------------------------------------------------

Timing Report

Slack (MET) :             0.767ns  (required time - arrival time)
  Source:                 oehb3/fifo/Head_reg[1]/C
                            (rising edge-triggered cell FDRE clocked by clk  {rise@0.000ns fall@2.000ns period=4.000ns})
  Destination:            mc_load0/Buffer_2/data_reg_reg[2]/CE
                            (rising edge-triggered cell FDCE clocked by clk  {rise@0.000ns fall@2.000ns period=4.000ns})
  Path Group:             clk
  Path Type:              Setup (Max at Slow Process Corner)
  Requirement:            4.000ns  (clk rise@4.000ns - clk rise@0.000ns)
  Data Path Delay:        2.964ns  (logic 0.499ns (16.837%)  route 2.465ns (83.163%))
  Logic Levels:           5  (LUT3=1 LUT4=1 LUT6=2 RAMD32=1)
  Clock Path Skew:        -0.033ns (DCD - SCD + CPR)
    Destination Clock Delay (DCD):    1.103ns = ( 5.103 - 4.000 ) 
    Source Clock Delay      (SCD):    1.221ns
    Clock Pessimism Removal (CPR):    0.085ns
  Clock Uncertainty:      0.035ns  ((TSJ^2 + TIJ^2)^1/2 + DJ) / 2 + PE
    Total System Jitter     (TSJ):    0.071ns
    Total Input Jitter      (TIJ):    0.000ns
    Discrete Jitter          (DJ):    0.000ns
    Phase Error              (PE):    0.000ns

    Location             Delay type                Incr(ns)  Path(ns)    Netlist Resource(s)
  -------------------------------------------------------------------    -------------------
                         (clock clk rise edge)        0.000     0.000 r  
                                                      0.000     0.000 r  clk (IN)
                         net (fo=511, unset)          1.221     1.221    oehb3/fifo/clk
    SLICE_X55Y113        FDRE                                         r  oehb3/fifo/Head_reg[1]/C
  -------------------------------------------------------------------    -------------------
    SLICE_X55Y113        FDRE (Prop_fdre_C_Q)         0.204     1.425 r  oehb3/fifo/Head_reg[1]/Q
                         net (fo=4, routed)           0.623     2.048    oehb3/fifo/Memory_reg_0_3_0_0/DPRA1
    SLICE_X54Y113        RAMD32 (Prop_ramd32_RADR1_O)
                                                      0.123     2.171 r  oehb3/fifo/Memory_reg_0_3_0_0/DP/O
                         net (fo=5, routed)           0.414     2.585    oehb3/tehb/fifo_dataOut
    SLICE_X47Y113        LUT3 (Prop_lut3_I2_O)        0.043     2.628 r  oehb3/tehb/q0_reg_i_21/O
                         net (fo=2, routed)           0.354     2.982    oehb3/fifo/q0_reg_0
    SLICE_X47Y112        LUT6 (Prop_lut6_I3_O)        0.043     3.025 f  oehb3/fifo/q0_reg_i_1__0/O
                         net (fo=54, routed)          0.366     3.391    oehb2/fifo/oehb_ready_1
    SLICE_X45Y111        LUT4 (Prop_lut4_I2_O)        0.043     3.434 f  oehb2/fifo/q0_reg_i_1/O
                         net (fo=41, routed)          0.293     3.728    oehb2/fifo/oehb_ready
    SLICE_X45Y111        LUT6 (Prop_lut6_I4_O)        0.043     3.771 r  oehb2/fifo/data_reg[31]_i_1__3/O
                         net (fo=32, routed)          0.414     4.185    mc_load0/Buffer_2/E[0]
    SLICE_X41Y110        FDCE                                         r  mc_load0/Buffer_2/data_reg_reg[2]/CE
  -------------------------------------------------------------------    -------------------

                         (clock clk rise edge)        4.000     4.000 r  
                                                      0.000     4.000 r  clk (IN)
                         net (fo=511, unset)          1.103     5.103    mc_load0/Buffer_2/clk
    SLICE_X41Y110        FDCE                                         r  mc_load0/Buffer_2/data_reg_reg[2]/C
                         clock pessimism              0.085     5.188    
                         clock uncertainty           -0.035     5.153    
    SLICE_X41Y110        FDCE (Setup_fdce_C_CE)      -0.201     4.952    mc_load0/Buffer_2/data_reg_reg[2]
  -------------------------------------------------------------------
                         required time                          4.952    
                         arrival time                          -4.185    
  -------------------------------------------------------------------
                         slack                                  0.767    




