INFO: [Timing 38-91] UpdateTimingParams: Speed grade: -2, Delay Type: max.
INFO: [Timing 38-191] Multithreading enabled for timing update using a maximum of 8 CPUs
INFO: [Timing 38-35] Done setting XDC timing constraints.
INFO: [Timing 38-78] ReportTimingParams: -max_paths 1 -nworst 1 -delay_type max -sort_by slack.
Copyright 1986-2019 Xilinx, Inc. All Rights Reserved.
--------------------------------------------------------------------------------------
| Tool Version : Vivado v.2019.1.1 (lin64) Build 2580384 Sat Jun 29 08:04:45 MDT 2019
| Date         : Wed Jul 24 13:24:21 2024
| Host         : ee-tik-eda2 running 64-bit CentOS Linux release 7.9.2009 (Core)
| Command      : report_timing
| Design       : matrix
| Device       : 7k160t-fbg484
| Speed File   : -2  PRODUCTION 1.12 2017-02-17
--------------------------------------------------------------------------------------

Timing Report

Slack (VIOLATED) :        -0.642ns  (required time - arrival time)
  Source:                 oehb10/data_reg_reg[6]_inv/C
                            (rising edge-triggered cell FDPE clocked by clk  {rise@0.000ns fall@2.000ns period=4.000ns})
  Destination:            tehb3/data_reg_reg[0]/CE
                            (rising edge-triggered cell FDCE clocked by clk  {rise@0.000ns fall@2.000ns period=4.000ns})
  Path Group:             clk
  Path Type:              Setup (Max at Slow Process Corner)
  Requirement:            4.000ns  (clk rise@4.000ns - clk rise@0.000ns)
  Data Path Delay:        4.335ns  (logic 0.779ns (17.970%)  route 3.556ns (82.030%))
  Logic Levels:           8  (CARRY4=1 LUT4=1 LUT5=2 LUT6=4)
  Clock Path Skew:        -0.027ns (DCD - SCD + CPR)
    Destination Clock Delay (DCD):    0.510ns = ( 4.510 - 4.000 ) 
    Source Clock Delay      (SCD):    0.537ns
    Clock Pessimism Removal (CPR):    0.000ns
  Clock Uncertainty:      0.035ns  ((TSJ^2 + TIJ^2)^1/2 + DJ) / 2 + PE
    Total System Jitter     (TSJ):    0.071ns
    Total Input Jitter      (TIJ):    0.000ns
    Discrete Jitter          (DJ):    0.000ns
    Phase Error              (PE):    0.000ns

    Location             Delay type                Incr(ns)  Path(ns)    Netlist Resource(s)
  -------------------------------------------------------------------    -------------------
                         (clock clk rise edge)        0.000     0.000 r  
                                                      0.000     0.000 r  clk (IN)
                         net (fo=666, unset)          0.537     0.537    oehb10/clk
                         FDPE                                         r  oehb10/data_reg_reg[6]_inv/C
  -------------------------------------------------------------------    -------------------
                         FDPE (Prop_fdpe_C_Q)         0.175     0.712 r  oehb10/data_reg_reg[6]_inv/Q
                         net (fo=1, unplaced)         0.668     1.380    cmpi4/S[3]
                         CARRY4 (Prop_carry4_S[3]_CO[3])
                                                      0.303     1.683 r  cmpi4/dataOutArray[0]0_carry/CO[3]
                         net (fo=19, unplaced)        0.687     2.370    fork16/generateBlocks[1].regblock/CO[0]
                         LUT6 (Prop_lut6_I5_O)        0.043     2.413 r  fork16/generateBlocks[1].regblock/full_reg_i_4__2/O
                         net (fo=9, unplaced)         0.448     2.861    control_merge7/oehb1/data_reg_reg[0]_1
                         LUT6 (Prop_lut6_I0_O)        0.043     2.904 r  control_merge7/oehb1/reg_value_i_2__10/O
                         net (fo=2, unplaced)         0.281     3.185    fork16/generateBlocks[0].regblock/reg_value_reg_3
                         LUT6 (Prop_lut6_I1_O)        0.043     3.228 r  fork16/generateBlocks[0].regblock/reg_value_i_2__9/O
                         net (fo=3, unplaced)         0.288     3.516    fork16/generateBlocks[1].regblock/reg_value_reg_3
                         LUT5 (Prop_lut5_I4_O)        0.043     3.559 f  fork16/generateBlocks[1].regblock/reg_value_i_3__1/O
                         net (fo=7, unplaced)         0.305     3.864    fork13/generateBlocks[1].regblock/reg_value_reg_3
                         LUT5 (Prop_lut5_I2_O)        0.043     3.907 r  fork13/generateBlocks[1].regblock/reg_value_i_2__3/O
                         net (fo=2, unplaced)         0.281     4.188    fork7/generateBlocks[0].regblock/data_reg_reg[5]
                         LUT4 (Prop_lut4_I1_O)        0.043     4.231 r  fork7/generateBlocks[0].regblock/full_reg_i_2__0/O
                         net (fo=4, unplaced)         0.294     4.525    fork7/generateBlocks[0].regblock/reg_value_reg_0
                         LUT6 (Prop_lut6_I2_O)        0.043     4.568 r  fork7/generateBlocks[0].regblock/data_reg[5]_i_1__0/O
                         net (fo=6, unplaced)         0.304     4.872    tehb3/E[0]
                         FDCE                                         r  tehb3/data_reg_reg[0]/CE
  -------------------------------------------------------------------    -------------------

                         (clock clk rise edge)        4.000     4.000 r  
                                                      0.000     4.000 r  clk (IN)
                         net (fo=666, unset)          0.510     4.510    tehb3/clk
                         FDCE                                         r  tehb3/data_reg_reg[0]/C
                         clock pessimism              0.000     4.510    
                         clock uncertainty           -0.035     4.475    
                         FDCE (Setup_fdce_C_CE)      -0.245     4.230    tehb3/data_reg_reg[0]
  -------------------------------------------------------------------
                         required time                          4.230    
                         arrival time                          -4.872    
  -------------------------------------------------------------------
                         slack                                 -0.642    




report_timing: Time (s): cpu = 00:00:05 ; elapsed = 00:00:05 . Memory (MB): peak = 2497.551 ; gain = 212.887 ; free physical = 196479 ; free virtual = 243974
