INFO: [Timing 38-91] UpdateTimingParams: Speed grade: -2, Delay Type: max.
INFO: [Timing 38-191] Multithreading enabled for timing update using a maximum of 8 CPUs
INFO: [Timing 38-35] Done setting XDC timing constraints.
INFO: [Timing 38-78] ReportTimingParams: -max_paths 1 -nworst 1 -delay_type max -sort_by slack.
Copyright 1986-2019 Xilinx, Inc. All Rights Reserved.
--------------------------------------------------------------------------------------
| Tool Version : Vivado v.2019.1.1 (lin64) Build 2580384 Sat Jun 29 08:04:45 MDT 2019
| Date         : Sat Aug  3 14:43:57 2024
| Host         : ee-tik-eda2 running 64-bit CentOS Linux release 7.9.2009 (Core)
| Command      : report_timing
| Design       : video_filter
| Device       : 7k160t-fbg484
| Speed File   : -2  PRODUCTION 1.12 2017-02-17
--------------------------------------------------------------------------------------

Timing Report

Slack (MET) :             0.304ns  (required time - arrival time)
  Source:                 fork0/generateBlocks[0].regblock/reg_value_reg/C
                            (rising edge-triggered cell FDPE clocked by clk  {rise@0.000ns fall@2.000ns period=4.000ns})
  Destination:            mem_controller1/counter_reg[29]/D
                            (rising edge-triggered cell FDCE clocked by clk  {rise@0.000ns fall@2.000ns period=4.000ns})
  Path Group:             clk
  Path Type:              Setup (Max at Slow Process Corner)
  Requirement:            4.000ns  (clk rise@4.000ns - clk rise@0.000ns)
  Data Path Delay:        3.493ns  (logic 1.177ns (33.696%)  route 2.316ns (66.304%))
  Logic Levels:           12  (CARRY4=8 LUT3=1 LUT5=1 LUT6=2)
  Clock Path Skew:        -0.027ns (DCD - SCD + CPR)
    Destination Clock Delay (DCD):    0.510ns = ( 4.510 - 4.000 ) 
    Source Clock Delay      (SCD):    0.537ns
    Clock Pessimism Removal (CPR):    0.000ns
  Clock Uncertainty:      0.035ns  ((TSJ^2 + TIJ^2)^1/2 + DJ) / 2 + PE
    Total System Jitter     (TSJ):    0.071ns
    Total Input Jitter      (TIJ):    0.000ns
    Discrete Jitter          (DJ):    0.000ns
    Phase Error              (PE):    0.000ns

    Location             Delay type                Incr(ns)  Path(ns)    Netlist Resource(s)
  -------------------------------------------------------------------    -------------------
                         (clock clk rise edge)        0.000     0.000 r  
                                                      0.000     0.000 r  clk (IN)
                         net (fo=1386, unset)         0.537     0.537    fork0/generateBlocks[0].regblock/clk
                         FDPE                                         r  fork0/generateBlocks[0].regblock/reg_value_reg/C
  -------------------------------------------------------------------    -------------------
                         FDPE (Prop_fdpe_C_Q)         0.175     0.712 r  fork0/generateBlocks[0].regblock/reg_value_reg/Q
                         net (fo=6, unplaced)         0.559     1.271    tehb22/reg_value_10
                         LUT6 (Prop_lut6_I0_O)        0.123     1.394 r  tehb22/data_reg[0]_i_3__0/O
                         net (fo=7, unplaced)         0.305     1.699    control_merge4/fork_C1/generateBlocks[0].regblock/full_reg_reg_3
                         LUT6 (Prop_lut6_I5_O)        0.043     1.742 f  control_merge4/fork_C1/generateBlocks[0].regblock/full_reg_i_2__12/O
                         net (fo=13, unplaced)        0.320     2.062    fork8/generateBlocks[1].regblock/counter1_reg[3]_0
                         LUT3 (Prop_lut3_I2_O)        0.043     2.105 r  fork8/generateBlocks[1].regblock/end_valid_INST_0_i_12/O
                         net (fo=11, unplaced)        0.316     2.421    oehb13/tehb/constant2_pValidArray_0
                         LUT5 (Prop_lut5_I0_O)        0.043     2.464 r  oehb13/tehb/counter[3]_i_2__0/O
                         net (fo=1, unplaced)         0.497     2.961    mem_controller1/DI[0]
                         CARRY4 (Prop_carry4_DI[1]_CO[3])
                                                      0.253     3.214 r  mem_controller1/counter_reg[3]_i_1__0/CO[3]
                         net (fo=1, unplaced)         0.007     3.221    mem_controller1/counter_reg[3]_i_1__0_n_0
                         CARRY4 (Prop_carry4_CI_CO[3])
                                                      0.054     3.275 r  mem_controller1/counter_reg[7]_i_1__0/CO[3]
                         net (fo=1, unplaced)         0.000     3.275    mem_controller1/counter_reg[7]_i_1__0_n_0
                         CARRY4 (Prop_carry4_CI_CO[3])
                                                      0.054     3.329 r  mem_controller1/counter_reg[11]_i_1__0/CO[3]
                         net (fo=1, unplaced)         0.000     3.329    mem_controller1/counter_reg[11]_i_1__0_n_0
                         CARRY4 (Prop_carry4_CI_CO[3])
                                                      0.054     3.383 r  mem_controller1/counter_reg[15]_i_1__0/CO[3]
                         net (fo=1, unplaced)         0.000     3.383    mem_controller1/counter_reg[15]_i_1__0_n_0
                         CARRY4 (Prop_carry4_CI_CO[3])
                                                      0.054     3.437 r  mem_controller1/counter_reg[19]_i_1__0/CO[3]
                         net (fo=1, unplaced)         0.000     3.437    mem_controller1/counter_reg[19]_i_1__0_n_0
                         CARRY4 (Prop_carry4_CI_CO[3])
                                                      0.054     3.491 r  mem_controller1/counter_reg[23]_i_1__0/CO[3]
                         net (fo=1, unplaced)         0.000     3.491    mem_controller1/counter_reg[23]_i_1__0_n_0
                         CARRY4 (Prop_carry4_CI_CO[3])
                                                      0.054     3.545 r  mem_controller1/counter_reg[27]_i_1__0/CO[3]
                         net (fo=1, unplaced)         0.000     3.545    mem_controller1/counter_reg[27]_i_1__0_n_0
                         CARRY4 (Prop_carry4_CI_O[1])
                                                      0.173     3.718 r  mem_controller1/counter_reg[31]_i_1__0/O[1]
                         net (fo=2, unplaced)         0.312     4.030    mem_controller1/counter[29]
                         FDCE                                         r  mem_controller1/counter_reg[29]/D
  -------------------------------------------------------------------    -------------------

                         (clock clk rise edge)        4.000     4.000 r  
                                                      0.000     4.000 r  clk (IN)
                         net (fo=1386, unset)         0.510     4.510    mem_controller1/clk
                         FDCE                                         r  mem_controller1/counter_reg[29]/C
                         clock pessimism              0.000     4.510    
                         clock uncertainty           -0.035     4.475    
                         FDCE (Setup_fdce_C_D)       -0.141     4.334    mem_controller1/counter_reg[29]
  -------------------------------------------------------------------
                         required time                          4.334    
                         arrival time                          -4.030    
  -------------------------------------------------------------------
                         slack                                  0.304    




report_timing: Time (s): cpu = 00:00:07 ; elapsed = 00:00:06 . Memory (MB): peak = 2529.555 ; gain = 329.082 ; free physical = 187918 ; free virtual = 249383
