INFO: [Timing 38-91] UpdateTimingParams: Speed grade: -2, Delay Type: max.
INFO: [Timing 38-191] Multithreading enabled for timing update using a maximum of 8 CPUs
INFO: [Timing 38-78] ReportTimingParams: -max_paths 1 -nworst 1 -delay_type max -sort_by slack.
Copyright 1986-2019 Xilinx, Inc. All Rights Reserved.
--------------------------------------------------------------------------------------
| Tool Version : Vivado v.2019.1.1 (lin64) Build 2580384 Sat Jun 29 08:04:45 MDT 2019
| Date         : Wed Jul 24 11:13:43 2024
| Host         : ee-tik-eda2 running 64-bit CentOS Linux release 7.9.2009 (Core)
| Command      : report_timing
| Design       : iir
| Device       : 7k160t-fbg484
| Speed File   : -2  PRODUCTION 1.12 2017-02-17
--------------------------------------------------------------------------------------

Timing Report

Slack (MET) :             0.663ns  (required time - arrival time)
  Source:                 mem_controller0/counter1_reg[30]/C
                            (rising edge-triggered cell FDRE clocked by clk  {rise@0.000ns fall@2.000ns period=4.000ns})
  Destination:            return1/tehb/data_reg_reg[0]/CE
                            (rising edge-triggered cell FDCE clocked by clk  {rise@0.000ns fall@2.000ns period=4.000ns})
  Path Group:             clk
  Path Type:              Setup (Max at Slow Process Corner)
  Requirement:            4.000ns  (clk rise@4.000ns - clk rise@0.000ns)
  Data Path Delay:        3.100ns  (logic 0.481ns (15.518%)  route 2.619ns (84.482%))
  Logic Levels:           6  (LUT2=1 LUT4=1 LUT5=2 LUT6=2)
  Clock Path Skew:        -0.024ns (DCD - SCD + CPR)
    Destination Clock Delay (DCD):    1.101ns = ( 5.101 - 4.000 ) 
    Source Clock Delay      (SCD):    1.210ns
    Clock Pessimism Removal (CPR):    0.085ns
  Clock Uncertainty:      0.035ns  ((TSJ^2 + TIJ^2)^1/2 + DJ) / 2 + PE
    Total System Jitter     (TSJ):    0.071ns
    Total Input Jitter      (TIJ):    0.000ns
    Discrete Jitter          (DJ):    0.000ns
    Phase Error              (PE):    0.000ns

    Location             Delay type                Incr(ns)  Path(ns)    Netlist Resource(s)
  -------------------------------------------------------------------    -------------------
                         (clock clk rise edge)        0.000     0.000 r  
                                                      0.000     0.000 r  clk (IN)
                         net (fo=863, unset)          1.210     1.210    mem_controller0/clk
    SLICE_X55Y127        FDRE                                         r  mem_controller0/counter1_reg[30]/C
  -------------------------------------------------------------------    -------------------
    SLICE_X55Y127        FDRE (Prop_fdre_C_Q)         0.223     1.433 r  mem_controller0/counter1_reg[30]/Q
                         net (fo=1, routed)           0.582     2.015    mem_controller0/counter1[30]
    SLICE_X54Y123        LUT4 (Prop_lut4_I1_O)        0.043     2.058 r  mem_controller0/end_valid_INST_0_i_16/O
                         net (fo=1, routed)           0.244     2.303    mem_controller0/end_valid_INST_0_i_16_n_0
    SLICE_X54Y123        LUT5 (Prop_lut5_I4_O)        0.043     2.346 r  mem_controller0/end_valid_INST_0_i_9/O
                         net (fo=1, routed)           0.240     2.585    mem_controller0/end_valid_INST_0_i_9_n_0
    SLICE_X54Y122        LUT6 (Prop_lut6_I5_O)        0.043     2.628 r  mem_controller0/end_valid_INST_0_i_3/O
                         net (fo=1, routed)           0.355     2.983    mem_controller0/end_valid_INST_0_i_3_n_0
    SLICE_X53Y122        LUT5 (Prop_lut5_I0_O)        0.043     3.026 r  mem_controller0/end_valid_INST_0_i_2/O
                         net (fo=2, routed)           0.374     3.400    mem_controller0/counter1_reg[18]_0
    SLICE_X53Y115        LUT2 (Prop_lut2_I1_O)        0.043     3.443 f  mem_controller0/full_reg_i_2__0/O
                         net (fo=2, routed)           0.253     3.696    oehb5/data_reg_reg[0]_3
    SLICE_X50Y115        LUT6 (Prop_lut6_I5_O)        0.043     3.739 r  oehb5/data_reg[31]_i_1__1/O
                         net (fo=32, routed)          0.571     4.310    return1/tehb/E[0]
    SLICE_X46Y108        FDCE                                         r  return1/tehb/data_reg_reg[0]/CE
  -------------------------------------------------------------------    -------------------

                         (clock clk rise edge)        4.000     4.000 r  
                                                      0.000     4.000 r  clk (IN)
                         net (fo=863, unset)          1.101     5.101    return1/tehb/clk
    SLICE_X46Y108        FDCE                                         r  return1/tehb/data_reg_reg[0]/C
                         clock pessimism              0.085     5.186    
                         clock uncertainty           -0.035     5.151    
    SLICE_X46Y108        FDCE (Setup_fdce_C_CE)      -0.178     4.973    return1/tehb/data_reg_reg[0]
  -------------------------------------------------------------------
                         required time                          4.973    
                         arrival time                          -4.310    
  -------------------------------------------------------------------
                         slack                                  0.663    




