INFO: [Timing 38-91] UpdateTimingParams: Speed grade: -2, Delay Type: max.
INFO: [Timing 38-191] Multithreading enabled for timing update using a maximum of 8 CPUs
INFO: [Timing 38-78] ReportTimingParams: -max_paths 1 -nworst 1 -delay_type max -sort_by slack.
Copyright 1986-2019 Xilinx, Inc. All Rights Reserved.
--------------------------------------------------------------------------------------
| Tool Version : Vivado v.2019.1.1 (lin64) Build 2580384 Sat Jun 29 08:04:45 MDT 2019
| Date         : Sat Jul 20 07:15:44 2024
| Host         : ee-tik-eda2 running 64-bit CentOS Linux release 7.9.2009 (Core)
| Command      : report_timing
| Design       : image_resize
| Device       : 7k160t-fbg484
| Speed File   : -2  PRODUCTION 1.12 2017-02-17
--------------------------------------------------------------------------------------

Timing Report

Slack (MET) :             0.769ns  (required time - arrival time)
  Source:                 tehb0/data_reg_reg[0]/C
                            (rising edge-triggered cell FDCE clocked by clk  {rise@0.000ns fall@3.000ns period=6.000ns})
  Destination:            muli3/multiply_unit/q2_reg/A[12]
                            (rising edge-triggered cell DSP48E1 clocked by clk  {rise@0.000ns fall@3.000ns period=6.000ns})
  Path Group:             clk
  Path Type:              Setup (Max at Slow Process Corner)
  Requirement:            6.000ns  (clk rise@6.000ns - clk rise@0.000ns)
  Data Path Delay:        4.945ns  (logic 0.805ns (16.278%)  route 4.140ns (83.722%))
  Logic Levels:           10  (CARRY4=1 LUT5=5 LUT6=4)
  Clock Path Skew:        0.011ns (DCD - SCD + CPR)
    Destination Clock Delay (DCD):    1.382ns = ( 7.382 - 6.000 ) 
    Source Clock Delay      (SCD):    1.458ns
    Clock Pessimism Removal (CPR):    0.087ns
  Clock Uncertainty:      0.035ns  ((TSJ^2 + TIJ^2)^1/2 + DJ) / 2 + PE
    Total System Jitter     (TSJ):    0.071ns
    Total Input Jitter      (TIJ):    0.000ns
    Discrete Jitter          (DJ):    0.000ns
    Phase Error              (PE):    0.000ns

    Location             Delay type                Incr(ns)  Path(ns)    Netlist Resource(s)
  -------------------------------------------------------------------    -------------------
                         (clock clk rise edge)        0.000     0.000 r  
                                                      0.000     0.000 r  clk (IN)
                         net (fo=702, unset)          1.458     1.458    tehb0/clk
    SLICE_X13Y94         FDCE                                         r  tehb0/data_reg_reg[0]/C
  -------------------------------------------------------------------    -------------------
    SLICE_X13Y94         FDCE (Prop_fdce_C_Q)         0.223     1.681 f  tehb0/data_reg_reg[0]/Q
                         net (fo=7, routed)           0.569     2.250    tehb0/data_reg_reg[0]_0[0]
    SLICE_X10Y94         LUT5 (Prop_lut5_I1_O)        0.043     2.293 r  tehb0/dataOutArray[0]0_carry_i_9/O
                         net (fo=4, routed)           0.209     2.502    tehb0/dataOutArray[0]0_carry_i_9_n_0
    SLICE_X10Y95         LUT6 (Prop_lut6_I0_O)        0.043     2.545 r  tehb0/dataOutArray[0]0_carry_i_10/O
                         net (fo=2, routed)           0.249     2.793    tehb0/dataOutArray[0]0_carry_i_10_n_0
    SLICE_X10Y96         LUT6 (Prop_lut6_I2_O)        0.043     2.836 f  tehb0/data_reg[5]_i_3__3/O
                         net (fo=4, routed)           0.362     3.198    tehb0/data_reg_reg[4]_0
    SLICE_X11Y96         LUT5 (Prop_lut5_I0_O)        0.043     3.241 r  tehb0/dataOutArray[0]0_carry_i_5/O
                         net (fo=1, routed)           0.000     3.241    cmpi2/S[2]
    SLICE_X11Y96         CARRY4 (Prop_carry4_S[2]_CO[3])
                                                      0.195     3.436 f  cmpi2/dataOutArray[0]0_carry/CO[3]
                         net (fo=23, routed)          0.550     3.986    tehb0/CO[0]
    SLICE_X13Y99         LUT5 (Prop_lut5_I0_O)        0.043     4.029 f  tehb0/full_reg_i_5__1/O
                         net (fo=2, routed)           0.156     4.185    control_merge5/oehb1/reg_value_reg_11
    SLICE_X13Y99         LUT5 (Prop_lut5_I1_O)        0.043     4.228 f  control_merge5/oehb1/full_reg_i_3__7/O
                         net (fo=13, routed)          0.537     4.765    control_merge5/oehb1/data_reg_reg[0]_0
    SLICE_X18Y97         LUT5 (Prop_lut5_I0_O)        0.043     4.808 f  control_merge5/oehb1/data_reg[5]_i_4__0/O
                         net (fo=14, routed)          0.393     5.201    control_merge4/oehb1/data_reg_reg[5]
    SLICE_X21Y95         LUT6 (Prop_lut6_I4_O)        0.043     5.244 r  control_merge4/oehb1/data_reg[5]_i_6/O
                         net (fo=12, routed)          0.494     5.738    mux7/tehb1/data_reg_reg[5]_0
    SLICE_X19Y95         LUT6 (Prop_lut6_I1_O)        0.043     5.781 r  mux7/tehb1/data_reg[5]_i_2/O
                         net (fo=51, routed)          0.622     6.403    muli3/multiply_unit/A[5]
    DSP48_X0Y38          DSP48E1                                      r  muli3/multiply_unit/q2_reg/A[12]
  -------------------------------------------------------------------    -------------------

                         (clock clk rise edge)        6.000     6.000 r  
                                                      0.000     6.000 r  clk (IN)
                         net (fo=702, unset)          1.382     7.382    muli3/multiply_unit/clk
    DSP48_X0Y38          DSP48E1                                      r  muli3/multiply_unit/q2_reg/CLK
                         clock pessimism              0.087     7.469    
                         clock uncertainty           -0.035     7.433    
    DSP48_X0Y38          DSP48E1 (Setup_dsp48e1_CLK_A[12])
                                                     -0.261     7.172    muli3/multiply_unit/q2_reg
  -------------------------------------------------------------------
                         required time                          7.172    
                         arrival time                          -6.403    
  -------------------------------------------------------------------
                         slack                                  0.769    




