INFO: [Timing 38-91] UpdateTimingParams: Speed grade: -2, Delay Type: max.
INFO: [Timing 38-191] Multithreading enabled for timing update using a maximum of 8 CPUs
INFO: [Timing 38-78] ReportTimingParams: -max_paths 1 -nworst 1 -delay_type max -sort_by slack.
Copyright 1986-2019 Xilinx, Inc. All Rights Reserved.
--------------------------------------------------------------------------------------
| Tool Version : Vivado v.2019.1.1 (lin64) Build 2580384 Sat Jun 29 08:04:45 MDT 2019
| Date         : Fri Aug  2 18:18:06 2024
| Host         : ee-tik-eda2 running 64-bit CentOS Linux release 7.9.2009 (Core)
| Command      : report_timing
| Design       : fir
| Device       : 7k160t-fbg484
| Speed File   : -2  PRODUCTION 1.12 2017-02-17
--------------------------------------------------------------------------------------

Timing Report

Slack (MET) :             1.312ns  (required time - arrival time)
  Source:                 tehb4/full_reg_reg/C
                            (rising edge-triggered cell FDCE clocked by clk  {rise@0.000ns fall@3.000ns period=6.000ns})
  Destination:            mux2/tehb1/data_reg_reg[4]/CE
                            (rising edge-triggered cell FDCE clocked by clk  {rise@0.000ns fall@3.000ns period=6.000ns})
  Path Group:             clk
  Path Type:              Setup (Max at Slow Process Corner)
  Requirement:            6.000ns  (clk rise@6.000ns - clk rise@0.000ns)
  Data Path Delay:        4.428ns  (logic 0.857ns (19.352%)  route 3.571ns (80.648%))
  Logic Levels:           8  (LUT5=3 LUT6=5)
  Clock Path Skew:        -0.046ns (DCD - SCD + CPR)
    Destination Clock Delay (DCD):    1.139ns = ( 7.139 - 6.000 ) 
    Source Clock Delay      (SCD):    1.270ns
    Clock Pessimism Removal (CPR):    0.085ns
  Clock Uncertainty:      0.035ns  ((TSJ^2 + TIJ^2)^1/2 + DJ) / 2 + PE
    Total System Jitter     (TSJ):    0.071ns
    Total Input Jitter      (TIJ):    0.000ns
    Discrete Jitter          (DJ):    0.000ns
    Phase Error              (PE):    0.000ns

    Location             Delay type                Incr(ns)  Path(ns)    Netlist Resource(s)
  -------------------------------------------------------------------    -------------------
                         (clock clk rise edge)        0.000     0.000 r  
                                                      0.000     0.000 r  clk (IN)
                         net (fo=537, unset)          1.270     1.270    tehb4/clk
    SLICE_X10Y127        FDCE                                         r  tehb4/full_reg_reg/C
  -------------------------------------------------------------------    -------------------
    SLICE_X10Y127        FDCE (Prop_fdce_C_Q)         0.236     1.506 r  tehb4/full_reg_reg/Q
                         net (fo=9, routed)           0.657     2.163    control_merge2/oehb1/full_reg
    SLICE_X11Y127        LUT5 (Prop_lut5_I3_O)        0.123     2.286 f  control_merge2/oehb1/valid_reg[0]_i_4/O
                         net (fo=8, routed)           0.353     2.639    control_merge2/oehb1/full_reg_reg_1
    SLICE_X13Y126        LUT6 (Prop_lut6_I4_O)        0.043     2.682 r  control_merge2/oehb1/idx_address1[10]_INST_0_i_6/O
                         net (fo=22, routed)          0.450     3.132    mux2/tehb1/data_reg_reg[5]_2
    SLICE_X19Y126        LUT6 (Prop_lut6_I4_O)        0.043     3.175 f  mux2/tehb1/idx_address1[1]_INST_0_i_1/O
                         net (fo=10, routed)          0.471     3.646    mux2/tehb1/data_reg_reg[1]_0
    SLICE_X18Y124        LUT5 (Prop_lut5_I2_O)        0.051     3.697 f  mux2/tehb1/validArray[0]_i_5/O
                         net (fo=1, routed)           0.290     3.987    mux2/tehb1/validArray[0]_i_5_n_0
    SLICE_X17Y124        LUT6 (Prop_lut6_I5_O)        0.138     4.125 r  mux2/tehb1/validArray[0]_i_2/O
                         net (fo=10, routed)          0.462     4.587    oehb1/reg_value_reg_2
    SLICE_X13Y128        LUT5 (Prop_lut5_I2_O)        0.048     4.635 f  oehb1/reg_value_i_2__1/O
                         net (fo=5, routed)           0.250     4.885    fork4/generateBlocks[0].regblock/reg_value_reg_4
    SLICE_X13Y127        LUT6 (Prop_lut6_I4_O)        0.132     5.017 r  fork4/generateBlocks[0].regblock/full_reg_i_2__1/O
                         net (fo=5, routed)           0.287     5.304    fork2/generateBlocks[1].regblock/full_reg_reg_0
    SLICE_X14Y125        LUT6 (Prop_lut6_I5_O)        0.043     5.347 r  fork2/generateBlocks[1].regblock/data_reg[10]_i_1__1/O
                         net (fo=11, routed)          0.351     5.698    mux2/tehb1/data_reg_reg[0]_1[0]
    SLICE_X20Y123        FDCE                                         r  mux2/tehb1/data_reg_reg[4]/CE
  -------------------------------------------------------------------    -------------------

                         (clock clk rise edge)        6.000     6.000 r  
                                                      0.000     6.000 r  clk (IN)
                         net (fo=537, unset)          1.139     7.139    mux2/tehb1/clk
    SLICE_X20Y123        FDCE                                         r  mux2/tehb1/data_reg_reg[4]/C
                         clock pessimism              0.085     7.224    
                         clock uncertainty           -0.035     7.189    
    SLICE_X20Y123        FDCE (Setup_fdce_C_CE)      -0.178     7.011    mux2/tehb1/data_reg_reg[4]
  -------------------------------------------------------------------
                         required time                          7.011    
                         arrival time                          -5.698    
  -------------------------------------------------------------------
                         slack                                  1.312    




